#
# There is insufficient memory for the Java Runtime Environment to continue.
# Native memory allocation (malloc) failed to allocate 403616 bytes for Chunk::new
# Possible reasons:
#   The system is out of physical RAM or swap space
#   The process is running with CompressedOops enabled, and the Java Heap may be blocking the growth of the native heap
# Possible solutions:
#   Reduce memory load on the system
#   Increase physical memory or swap space
#   Check if swap backing store is full
#   Decrease Java heap size (-Xmx/-Xms)
#   Decrease number of Java threads
#   Decrease Java thread stack sizes (-Xss)
#   Set larger code cache with -XX:ReservedCodeCacheSize=
#   JVM is running with Unscaled Compressed Oops mode in which the Java heap is
#     placed in the first 4GB address space. The Java Heap base address is the
#     maximum limit for the native heap growth. Please use -XX:HeapBaseMinAddress
#     to set the Java Heap base and to place the Java Heap above 4GB virtual address.
# This output file may be truncated or incomplete.
#
#  Out of Memory Error (arena.cpp:184), pid=19956, tid=31168
#
# JRE version: Java(TM) SE Runtime Environment (18.0.1.1+2) (build 18.0.1.1+2-6)
# Java VM: Java HotSpot(TM) 64-Bit Server VM (18.0.1.1+2-6, mixed mode, sharing, tiered, compressed oops, compressed class ptrs, g1 gc, windows-amd64)
# No core dump will be written. Minidumps are not enabled by default on client versions of Windows
#

---------------  S U M M A R Y ------------

Command Line: -XX:MaxMetaspaceSize=512m --add-opens=java.base/java.util=ALL-UNNAMED --add-opens=java.base/java.lang=ALL-UNNAMED --add-opens=java.base/java.lang.invoke=ALL-UNNAMED --add-opens=java.base/java.util=ALL-UNNAMED --add-opens=java.prefs/java.util.prefs=ALL-UNNAMED --add-opens=java.prefs/java.util.prefs=ALL-UNNAMED --add-opens=java.base/java.nio.charset=ALL-UNNAMED --add-opens=java.base/java.net=ALL-UNNAMED --add-opens=java.base/java.util.concurrent.atomic=ALL-UNNAMED -Xmx2048m -Dfile.encoding=UTF-8 -Duser.country=US -Duser.language=en -Duser.variant org.gradle.launcher.daemon.bootstrap.GradleDaemon 7.3.3

Host: Intel(R) Core(TM) i5-8265U CPU @ 1.60GHz, 8 cores, 7G,  Windows 10 , 64 bit Build 19041 (10.0.19041.1889)
Time: Fri Aug 19 17:24:41 2022 SE Asia Standard Time elapsed time: 148.451560 seconds (0d 0h 2m 28s)

---------------  T H R E A D  ---------------

Current thread (0x000001ccb5964ab0):  JavaThread "C2 CompilerThread0" daemon [_thread_in_native, id=31168, stack(0x000000c6fa900000,0x000000c6faa00000)]


Current CompileTask:
C2: 148451 12053       4       java.util.zip.ZipFile$Source::initCEN (591 bytes)

Stack: [0x000000c6fa900000,0x000000c6faa00000]
Native frames: (J=compiled Java code, j=interpreted, Vv=VM code, C=native code)
V  [jvm.dll+0x69887a]
V  [jvm.dll+0x7f38bd]
V  [jvm.dll+0x7f51ce]
V  [jvm.dll+0x7f5883]
V  [jvm.dll+0x25ca3f]
V  [jvm.dll+0xb8c2f]
V  [jvm.dll+0xb8fa5]
V  [jvm.dll+0x2c794f]
V  [jvm.dll+0x5a05b0]
V  [jvm.dll+0x237f1e]
V  [jvm.dll+0x23122f]
V  [jvm.dll+0x22eeeb]
V  [jvm.dll+0x1b9cfc]
V  [jvm.dll+0x23e8ca]
V  [jvm.dll+0x23cbb5]
V  [jvm.dll+0x7a5fb1]
V  [jvm.dll+0x7a03ea]
V  [jvm.dll+0x697725]
C  [ucrtbase.dll+0x21bb2]
C  [KERNEL32.DLL+0x17034]
C  [ntdll.dll+0x52651]


---------------  P R O C E S S  ---------------

Threads class SMR info:
_java_thread_list=0x000001ccb9e2b720, length=129, elements={
0x000001cc97717130, 0x000001ccb594a270, 0x000001ccb594ade0, 0x000001ccb5961350,
0x000001ccb5962d70, 0x000001ccb5963620, 0x000001ccb5963ed0, 0x000001ccb5964ab0,
0x000001ccb59654e0, 0x000001ccb596dde0, 0x000001ccb9cd6030, 0x000001ccb9cd8d10,
0x000001ccbb276c70, 0x000001ccbac040b0, 0x000001ccbaa6b820, 0x000001ccba6248c0,
0x000001ccbb7d0080, 0x000001ccbb574040, 0x000001ccbb3d9070, 0x000001ccbb0ac670,
0x000001ccbb606c10, 0x000001ccbb607f50, 0x000001ccbb606270, 0x000001ccbb608420,
0x000001ccbb605da0, 0x000001ccbb6088f0, 0x000001ccbb606740, 0x000001ccbb6070e0,
0x000001ccbb605400, 0x000001ccbb6075b0, 0x000001ccbd3e2670, 0x000001ccbd3e0990,
0x000001ccbd3dfb20, 0x000001ccbd3e39b0, 0x000001ccbd3dcfd0, 0x000001ccbd3e2b40,
0x000001ccbd3decb0, 0x000001ccbd3de310, 0x000001ccbd3e0e60, 0x000001ccbd3e1330,
0x000001ccbd3e34e0, 0x000001ccbd3dd4a0, 0x000001ccbd3dde40, 0x000001ccbc4b8cf0,
0x000001ccbc4b44c0, 0x000001ccbc4b8820, 0x000001ccbc4b91c0, 0x000001ccbc4b9b60,
0x000001ccbc4baea0, 0x000001ccbc4ba030, 0x000001ccbc4b6b40, 0x000001ccbc4ba9d0,
0x000001ccbc4b3b20, 0x000001ccbc4ba500, 0x000001ccbc4b3650, 0x000001ccbc4b3ff0,
0x000001ccbc4b74e0, 0x000001ccbc4b5330, 0x000001ccbc4b4e60, 0x000001ccbc4b9690,
0x000001ccbc4b4990, 0x000001ccbc4b5800, 0x000001ccbc4b7e80, 0x000001ccbc4b5cd0,
0x000001ccbc4b61a0, 0x000001ccbc4b6670, 0x000001ccbc4b7010, 0x000001ccbc4b79b0,
0x000001ccbc4b8350, 0x000001ccbc4715b0, 0x000001ccbc473290, 0x000001ccbc473760,
0x000001ccbc473c30, 0x000001ccbc472dc0, 0x000001ccbc46e590, 0x000001ccbc46c3e0,
0x000001ccbc46c8b0, 0x000001ccbc4728f0, 0x000001ccbc46cd80, 0x000001ccbc46f8d0,
0x000001ccbd3e04c0, 0x000001ccbccaec20, 0x000001ccbcca9f20, 0x000001ccbccab260,
0x000001ccbccab730, 0x000001ccbccaf0f0, 0x000001ccbccaa3f0, 0x000001ccbccaf5c0,
0x000001ccbccac5a0, 0x000001ccbccabc00, 0x000001ccbccad410, 0x000001ccbccaddb0,
0x000001ccbccafa90, 0x000001ccbccac0d0, 0x000001ccbccaff60, 0x000001ccbccb0430,
0x000001ccbccb0900, 0x000001ccbccaca70, 0x000001ccbccae280, 0x000001ccbccae750,
0x000001ccbccb0dd0, 0x000001ccbccacf40, 0x000001ccbe5c9260, 0x000001ccbe5c58a0,
0x000001ccbe5c6710, 0x000001ccbe5c7a50, 0x000001ccbe5c6240, 0x000001ccbe5c5d70,
0x000001ccbe5c2d50, 0x000001ccbe5c4090, 0x000001ccbe5c6be0, 0x000001ccbe5ca0d0,
0x000001ccbe5c36f0, 0x000001ccbe5c2880, 0x000001ccbe5c9730, 0x000001ccbe5c70b0,
0x000001ccbe5c7f20, 0x000001ccbe5c88c0, 0x000001ccbe5c83f0, 0x000001ccbe5c8d90,
0x000001ccbe5c9c00, 0x000001ccbe5c4560, 0x000001ccbe5c3bc0, 0x000001ccbe5c3220,
0x000001ccbe5c4a30, 0x000001ccbe5c4f00, 0x000001ccbc470270, 0x000001ccbc46d720,
0x000001ccbeccef40
}

Java Threads: ( => current thread )
  0x000001cc97717130 JavaThread "main" [_thread_blocked, id=4496, stack(0x000000c6f9c00000,0x000000c6f9d00000)]
  0x000001ccb594a270 JavaThread "Reference Handler" daemon [_thread_blocked, id=31292, stack(0x000000c6fa300000,0x000000c6fa400000)]
  0x000001ccb594ade0 JavaThread "Finalizer" daemon [_thread_blocked, id=28292, stack(0x000000c6fa400000,0x000000c6fa500000)]
  0x000001ccb5961350 JavaThread "Signal Dispatcher" daemon [_thread_blocked, id=32940, stack(0x000000c6fa500000,0x000000c6fa600000)]
  0x000001ccb5962d70 JavaThread "Attach Listener" daemon [_thread_blocked, id=25060, stack(0x000000c6fa600000,0x000000c6fa700000)]
  0x000001ccb5963620 JavaThread "Service Thread" daemon [_thread_blocked, id=23868, stack(0x000000c6fa700000,0x000000c6fa800000)]
  0x000001ccb5963ed0 JavaThread "Monitor Deflation Thread" daemon [_thread_blocked, id=35740, stack(0x000000c6fa800000,0x000000c6fa900000)]
=>0x000001ccb5964ab0 JavaThread "C2 CompilerThread0" daemon [_thread_in_native, id=31168, stack(0x000000c6fa900000,0x000000c6faa00000)]
  0x000001ccb59654e0 JavaThread "C1 CompilerThread0" daemon [_thread_blocked, id=16712, stack(0x000000c6faa00000,0x000000c6fab00000)]
  0x000001ccb596dde0 JavaThread "Sweeper thread" daemon [_thread_blocked, id=984, stack(0x000000c6fab00000,0x000000c6fac00000)]
  0x000001ccb9cd6030 JavaThread "Common-Cleaner" daemon [_thread_blocked, id=36240, stack(0x000000c6fac00000,0x000000c6fad00000)]
  0x000001ccb9cd8d10 JavaThread "Notification Thread" daemon [_thread_blocked, id=20868, stack(0x000000c6fad00000,0x000000c6fae00000)]
  0x000001ccbb276c70 JavaThread "Daemon health stats" [_thread_blocked, id=20816, stack(0x000000c6fb400000,0x000000c6fb500000)]
  0x000001ccbac040b0 JavaThread "Incoming local TCP Connector on port 56164" [_thread_in_native, id=27804, stack(0x000000c6fb500000,0x000000c6fb600000)]
  0x000001ccbaa6b820 JavaThread "Daemon periodic checks" [_thread_blocked, id=27716, stack(0x000000c6fb600000,0x000000c6fb700000)]
  0x000001ccba6248c0 JavaThread "Daemon" [_thread_blocked, id=27788, stack(0x000000c6faf00000,0x000000c6fb000000)]
  0x000001ccbb7d0080 JavaThread "Handler for socket connection from /127.0.0.1:56164 to /127.0.0.1:56165" [_thread_in_native, id=9588, stack(0x000000c6fb700000,0x000000c6fb800000)]
  0x000001ccbb574040 JavaThread "Cancel handler" [_thread_blocked, id=32192, stack(0x000000c6fb800000,0x000000c6fb900000)]
  0x000001ccbb3d9070 JavaThread "Daemon worker" [_thread_in_vm, id=16260, stack(0x000000c6fb900000,0x000000c6fba00000)]
  0x000001ccbb0ac670 JavaThread "Asynchronous log dispatcher for DefaultDaemonConnection: socket connection from /127.0.0.1:56164 to /127.0.0.1:56165" [_thread_blocked, id=23624, stack(0x000000c6fba00000,0x000000c6fbb00000)]
  0x000001ccbb606c10 JavaThread "Stdin handler" [_thread_blocked, id=35700, stack(0x000000c6fbb00000,0x000000c6fbc00000)]
  0x000001ccbb607f50 JavaThread "Daemon client event forwarder" [_thread_blocked, id=12612, stack(0x000000c6fbc00000,0x000000c6fbd00000)]
  0x000001ccbb606270 JavaThread "Cache worker for journal cache (C:\Users\buiva\.gradle\caches\journal-1)" [_thread_blocked, id=26508, stack(0x000000c6fbe00000,0x000000c6fbf00000)]
  0x000001ccbb608420 JavaThread "File lock request listener" [_thread_in_native, id=5748, stack(0x000000c6fbf00000,0x000000c6fc000000)]
  0x000001ccbb605da0 JavaThread "Cache worker for file hash cache (C:\Users\buiva\.gradle\caches\7.3.3\fileHashes)" [_thread_blocked, id=16632, stack(0x000000c6fc000000,0x000000c6fc100000)]
  0x000001ccbb6088f0 JavaThread "Cache worker for file hash cache (D:\buiva\ReactNative\Chillove\android\.gradle\7.3.3\fileHashes)" [_thread_blocked, id=23168, stack(0x000000c6fc100000,0x000000c6fc200000)]
  0x000001ccbb606740 JavaThread "File watcher server" daemon [_thread_in_native, id=14204, stack(0x000000c6fc600000,0x000000c6fc700000)]
  0x000001ccbb6070e0 JavaThread "File watcher consumer" daemon [_thread_blocked, id=25888, stack(0x000000c6fc700000,0x000000c6fc800000)]
  0x000001ccbb605400 JavaThread "Cache worker for checksums cache (D:\buiva\ReactNative\Chillove\android\.gradle\7.3.3\checksums)" [_thread_blocked, id=31240, stack(0x000000c6fc800000,0x000000c6fc900000)]
  0x000001ccbb6075b0 JavaThread "Cache worker for cache directory md-supplier (C:\Users\buiva\.gradle\caches\7.3.3\md-supplier)" [_thread_blocked, id=35280, stack(0x000000c6fc900000,0x000000c6fca00000)]
  0x000001ccbd3e2670 JavaThread "Cache worker for cache directory md-rule (C:\Users\buiva\.gradle\caches\7.3.3\md-rule)" [_thread_blocked, id=1608, stack(0x000000c6fcb00000,0x000000c6fcc00000)]
  0x000001ccbd3e0990 JavaThread "Cache worker for execution history cache (C:\Users\buiva\.gradle\caches\7.3.3\executionHistory)" [_thread_blocked, id=14804, stack(0x000000c6fcc00000,0x000000c6fcd00000)]
  0x000001ccbd3dfb20 JavaThread "jar transforms" [_thread_blocked, id=11776, stack(0x000000c6fcd00000,0x000000c6fce00000)]
  0x000001ccbd3e39b0 JavaThread "jar transforms Thread 2" [_thread_blocked, id=23524, stack(0x000000c6fce00000,0x000000c6fcf00000)]
  0x000001ccbd3dcfd0 JavaThread "Cache worker for file content cache (C:\Users\buiva\.gradle\caches\7.3.3\fileContent)" [_thread_blocked, id=33624, stack(0x000000c6fcf00000,0x000000c6fd000000)]
  0x000001ccbd3e2b40 JavaThread "jar transforms Thread 3" [_thread_blocked, id=6316, stack(0x000000c6fd000000,0x000000c6fd100000)]
  0x000001ccbd3decb0 JavaThread "jar transforms Thread 4" [_thread_blocked, id=9604, stack(0x000000c6fd100000,0x000000c6fd200000)]
  0x000001ccbd3de310 JavaThread "Cache worker for kotlin-dsl (C:\Users\buiva\.gradle\caches\7.3.3\kotlin-dsl)" [_thread_blocked, id=26328, stack(0x000000c6fc200000,0x000000c6fc300000)]
  0x000001ccbd3e0e60 JavaThread "jar transforms Thread 5" [_thread_blocked, id=30948, stack(0x000000c6fd200000,0x000000c6fd300000)]
  0x000001ccbd3e1330 JavaThread "jar transforms Thread 6" [_thread_blocked, id=34724, stack(0x000000c6fd400000,0x000000c6fd500000)]
  0x000001ccbd3e34e0 JavaThread "Cache worker for dependencies-accessors (D:\buiva\ReactNative\Chillove\android\.gradle\7.3.3\dependencies-accessors)" [_thread_blocked, id=22964, stack(0x000000c6fd500000,0x000000c6fd600000)]
  0x000001ccbd3dd4a0 JavaThread "Cache worker for Build Output Cleanup Cache (D:\buiva\ReactNative\Chillove\node_modules\react-native-gradle-plugin\.gradle\buildOutputCleanup)" [_thread_blocked, id=35916, stack(0x000000c6fd600000,0x000000c6fd700000)]
  0x000001ccbd3dde40 JavaThread "jar transforms Thread 7" [_thread_blocked, id=30384, stack(0x000000c6fd700000,0x000000c6fd800000)]
  0x000001ccbc4b8cf0 JavaThread "Unconstrained build operations" [_thread_blocked, id=23892, stack(0x000000c6fd800000,0x000000c6fd900000)]
  0x000001ccbc4b44c0 JavaThread "Unconstrained build operations Thread 2" [_thread_blocked, id=27264, stack(0x000000c6fd900000,0x000000c6fda00000)]
  0x000001ccbc4b8820 JavaThread "Unconstrained build operations Thread 3" [_thread_blocked, id=29552, stack(0x000000c6fda00000,0x000000c6fdb00000)]
  0x000001ccbc4b91c0 JavaThread "Unconstrained build operations Thread 4" [_thread_blocked, id=21272, stack(0x000000c6fdb00000,0x000000c6fdc00000)]
  0x000001ccbc4b9b60 JavaThread "Unconstrained build operations Thread 5" [_thread_blocked, id=26076, stack(0x000000c6fdc00000,0x000000c6fdd00000)]
  0x000001ccbc4baea0 JavaThread "Unconstrained build operations Thread 6" [_thread_blocked, id=6524, stack(0x000000c6fdd00000,0x000000c6fde00000)]
  0x000001ccbc4ba030 JavaThread "Unconstrained build operations Thread 7" [_thread_blocked, id=35272, stack(0x000000c6fde00000,0x000000c6fdf00000)]
  0x000001ccbc4b6b40 JavaThread "Unconstrained build operations Thread 8" [_thread_blocked, id=15920, stack(0x000000c6fdf00000,0x000000c6fe000000)]
  0x000001ccbc4ba9d0 JavaThread "Unconstrained build operations Thread 9" [_thread_blocked, id=7792, stack(0x000000c6fe000000,0x000000c6fe100000)]
  0x000001ccbc4b3b20 JavaThread "Unconstrained build operations Thread 10" [_thread_blocked, id=13120, stack(0x000000c6fe100000,0x000000c6fe200000)]
  0x000001ccbc4ba500 JavaThread "Unconstrained build operations Thread 11" [_thread_blocked, id=12168, stack(0x000000c6fe200000,0x000000c6fe300000)]
  0x000001ccbc4b3650 JavaThread "Unconstrained build operations Thread 12" [_thread_blocked, id=29360, stack(0x000000c6fe300000,0x000000c6fe400000)]
  0x000001ccbc4b3ff0 JavaThread "Unconstrained build operations Thread 13" [_thread_blocked, id=25508, stack(0x000000c6fe400000,0x000000c6fe500000)]
  0x000001ccbc4b74e0 JavaThread "Unconstrained build operations Thread 14" [_thread_blocked, id=29564, stack(0x000000c6fe500000,0x000000c6fe600000)]
  0x000001ccbc4b5330 JavaThread "Unconstrained build operations Thread 15" [_thread_blocked, id=1756, stack(0x000000c6fe600000,0x000000c6fe700000)]
  0x000001ccbc4b4e60 JavaThread "Unconstrained build operations Thread 16" [_thread_blocked, id=29004, stack(0x000000c6fe700000,0x000000c6fe800000)]
  0x000001ccbc4b9690 JavaThread "Unconstrained build operations Thread 17" [_thread_blocked, id=12912, stack(0x000000c6fe800000,0x000000c6fe900000)]
  0x000001ccbc4b4990 JavaThread "Unconstrained build operations Thread 18" [_thread_blocked, id=28940, stack(0x000000c6fe900000,0x000000c6fea00000)]
  0x000001ccbc4b5800 JavaThread "Unconstrained build operations Thread 19" [_thread_blocked, id=2820, stack(0x000000c6fea00000,0x000000c6feb00000)]
  0x000001ccbc4b7e80 JavaThread "Unconstrained build operations Thread 20" [_thread_blocked, id=31184, stack(0x000000c6feb00000,0x000000c6fec00000)]
  0x000001ccbc4b5cd0 JavaThread "Unconstrained build operations Thread 21" [_thread_blocked, id=16168, stack(0x000000c6fec00000,0x000000c6fed00000)]
  0x000001ccbc4b61a0 JavaThread "Unconstrained build operations Thread 22" [_thread_blocked, id=25080, stack(0x000000c6fed00000,0x000000c6fee00000)]
  0x000001ccbc4b6670 JavaThread "Unconstrained build operations Thread 23" [_thread_blocked, id=25056, stack(0x000000c6fee00000,0x000000c6fef00000)]
  0x000001ccbc4b7010 JavaThread "Unconstrained build operations Thread 24" [_thread_blocked, id=10492, stack(0x000000c6fef00000,0x000000c6ff000000)]
  0x000001ccbc4b79b0 JavaThread "Unconstrained build operations Thread 25" [_thread_blocked, id=12708, stack(0x000000c6ff000000,0x000000c6ff100000)]
  0x000001ccbc4b8350 JavaThread "Unconstrained build operations Thread 26" [_thread_blocked, id=1840, stack(0x000000c6ff100000,0x000000c6ff200000)]
  0x000001ccbc4715b0 JavaThread "Unconstrained build operations Thread 27" [_thread_blocked, id=33012, stack(0x000000c6ff200000,0x000000c6ff300000)]
  0x000001ccbc473290 JavaThread "Unconstrained build operations Thread 28" [_thread_blocked, id=12196, stack(0x000000c6ff300000,0x000000c6ff400000)]
  0x000001ccbc473760 JavaThread "Unconstrained build operations Thread 29" [_thread_blocked, id=14312, stack(0x000000c6ff400000,0x000000c6ff500000)]
  0x000001ccbc473c30 JavaThread "Unconstrained build operations Thread 30" [_thread_blocked, id=13760, stack(0x000000c6ff500000,0x000000c6ff600000)]
  0x000001ccbc472dc0 JavaThread "Unconstrained build operations Thread 31" [_thread_blocked, id=3472, stack(0x000000c6ff600000,0x000000c6ff700000)]
  0x000001ccbc46e590 JavaThread "Unconstrained build operations Thread 32" [_thread_blocked, id=25544, stack(0x000000c6ff700000,0x000000c6ff800000)]
  0x000001ccbc46c3e0 JavaThread "Unconstrained build operations Thread 33" [_thread_blocked, id=31384, stack(0x000000c6ff800000,0x000000c6ff900000)]
  0x000001ccbc46c8b0 JavaThread "jar transforms Thread 8" [_thread_blocked, id=30472, stack(0x000000c6ff900000,0x000000c6ffa00000)]
  0x000001ccbc4728f0 JavaThread "build event listener" [_thread_blocked, id=20628, stack(0x000000c6fd300000,0x000000c6fd400000)]
  0x000001ccbc46cd80 JavaThread "Memory manager" [_thread_blocked, id=22496, stack(0x000000c6ffa00000,0x000000c6ffb00000)]
  0x000001ccbc46f8d0 JavaThread "Cache worker for Build Output Cleanup Cache (D:\buiva\ReactNative\Chillove\android\.gradle\buildOutputCleanup)" [_thread_blocked, id=30256, stack(0x000000c6ffb00000,0x000000c6ffc00000)]
  0x000001ccbd3e04c0 JavaThread "Cache worker for execution history cache (D:\buiva\ReactNative\Chillove\node_modules\react-native-gradle-plugin\.gradle\7.3.3\executionHistory)" [_thread_blocked, id=20876, stack(0x000000c680400000,0x000000c680500000)]
  0x000001ccbccaec20 JavaThread "Unconstrained build operations Thread 34" [_thread_blocked, id=22472, stack(0x000000c680500000,0x000000c680600000)]
  0x000001ccbcca9f20 JavaThread "Unconstrained build operations Thread 35" [_thread_blocked, id=4972, stack(0x000000c680600000,0x000000c680700000)]
  0x000001ccbccab260 JavaThread "Unconstrained build operations Thread 36" [_thread_blocked, id=10500, stack(0x000000c680700000,0x000000c680800000)]
  0x000001ccbccab730 JavaThread "Unconstrained build operations Thread 37" [_thread_blocked, id=9456, stack(0x000000c680800000,0x000000c680900000)]
  0x000001ccbccaf0f0 JavaThread "Unconstrained build operations Thread 38" [_thread_blocked, id=36160, stack(0x000000c680900000,0x000000c680a00000)]
  0x000001ccbccaa3f0 JavaThread "Unconstrained build operations Thread 39" [_thread_blocked, id=22188, stack(0x000000c680a00000,0x000000c680b00000)]
  0x000001ccbccaf5c0 JavaThread "Unconstrained build operations Thread 40" [_thread_blocked, id=5660, stack(0x000000c680b00000,0x000000c680c00000)]
  0x000001ccbccac5a0 JavaThread "Unconstrained build operations Thread 41" [_thread_blocked, id=18132, stack(0x000000c680c00000,0x000000c680d00000)]
  0x000001ccbccabc00 JavaThread "Unconstrained build operations Thread 42" [_thread_blocked, id=29092, stack(0x000000c680d00000,0x000000c680e00000)]
  0x000001ccbccad410 JavaThread "Unconstrained build operations Thread 43" [_thread_blocked, id=4872, stack(0x000000c680e00000,0x000000c680f00000)]
  0x000001ccbccaddb0 JavaThread "Unconstrained build operations Thread 44" [_thread_blocked, id=16264, stack(0x000000c680f00000,0x000000c681000000)]
  0x000001ccbccafa90 JavaThread "Unconstrained build operations Thread 45" [_thread_blocked, id=17840, stack(0x000000c681000000,0x000000c681100000)]
  0x000001ccbccac0d0 JavaThread "Unconstrained build operations Thread 46" [_thread_blocked, id=19328, stack(0x000000c681100000,0x000000c681200000)]
  0x000001ccbccaff60 JavaThread "Unconstrained build operations Thread 47" [_thread_blocked, id=25768, stack(0x000000c681200000,0x000000c681300000)]
  0x000001ccbccb0430 JavaThread "Unconstrained build operations Thread 48" [_thread_blocked, id=30276, stack(0x000000c681300000,0x000000c681400000)]
  0x000001ccbccb0900 JavaThread "Unconstrained build operations Thread 49" [_thread_blocked, id=31136, stack(0x000000c681400000,0x000000c681500000)]
  0x000001ccbccaca70 JavaThread "Unconstrained build operations Thread 50" [_thread_blocked, id=34596, stack(0x000000c681500000,0x000000c681600000)]
  0x000001ccbccae280 JavaThread "Unconstrained build operations Thread 51" [_thread_blocked, id=30648, stack(0x000000c681600000,0x000000c681700000)]
  0x000001ccbccae750 JavaThread "Unconstrained build operations Thread 52" [_thread_blocked, id=21164, stack(0x000000c681700000,0x000000c681800000)]
  0x000001ccbccb0dd0 JavaThread "Unconstrained build operations Thread 53" [_thread_blocked, id=12092, stack(0x000000c681800000,0x000000c681900000)]
  0x000001ccbccacf40 JavaThread "Unconstrained build operations Thread 54" [_thread_blocked, id=31736, stack(0x000000c681900000,0x000000c681a00000)]
  0x000001ccbe5c9260 JavaThread "Unconstrained build operations Thread 55" [_thread_blocked, id=31996, stack(0x000000c681a00000,0x000000c681b00000)]
  0x000001ccbe5c58a0 JavaThread "Unconstrained build operations Thread 56" [_thread_blocked, id=26180, stack(0x000000c680000000,0x000000c680100000)]
  0x000001ccbe5c6710 JavaThread "Unconstrained build operations Thread 57" [_thread_blocked, id=28088, stack(0x000000c680100000,0x000000c680200000)]
  0x000001ccbe5c7a50 JavaThread "Unconstrained build operations Thread 58" [_thread_blocked, id=20112, stack(0x000000c680200000,0x000000c680300000)]
  0x000001ccbe5c6240 JavaThread "Unconstrained build operations Thread 59" [_thread_blocked, id=16088, stack(0x000000c680300000,0x000000c680400000)]
  0x000001ccbe5c5d70 JavaThread "Unconstrained build operations Thread 60" [_thread_blocked, id=25716, stack(0x000000c681b00000,0x000000c681c00000)]
  0x000001ccbe5c2d50 JavaThread "Unconstrained build operations Thread 61" [_thread_blocked, id=25276, stack(0x000000c681c00000,0x000000c681d00000)]
  0x000001ccbe5c4090 JavaThread "Unconstrained build operations Thread 62" [_thread_blocked, id=21520, stack(0x000000c681d00000,0x000000c681e00000)]
  0x000001ccbe5c6be0 JavaThread "Unconstrained build operations Thread 63" [_thread_blocked, id=30496, stack(0x000000c681e00000,0x000000c681f00000)]
  0x000001ccbe5ca0d0 JavaThread "Unconstrained build operations Thread 64" [_thread_blocked, id=16152, stack(0x000000c681f00000,0x000000c682000000)]
  0x000001ccbe5c36f0 JavaThread "Unconstrained build operations Thread 65" [_thread_blocked, id=13192, stack(0x000000c682000000,0x000000c682100000)]
  0x000001ccbe5c2880 JavaThread "Unconstrained build operations Thread 66" [_thread_blocked, id=31100, stack(0x000000c682100000,0x000000c682200000)]
  0x000001ccbe5c9730 JavaThread "Unconstrained build operations Thread 67" [_thread_blocked, id=36500, stack(0x000000c682200000,0x000000c682300000)]
  0x000001ccbe5c70b0 JavaThread "Unconstrained build operations Thread 68" [_thread_blocked, id=2532, stack(0x000000c682300000,0x000000c682400000)]
  0x000001ccbe5c7f20 JavaThread "Unconstrained build operations Thread 69" [_thread_blocked, id=36028, stack(0x000000c682400000,0x000000c682500000)]
  0x000001ccbe5c88c0 JavaThread "Unconstrained build operations Thread 70" [_thread_blocked, id=30552, stack(0x000000c682500000,0x000000c682600000)]
  0x000001ccbe5c83f0 JavaThread "Unconstrained build operations Thread 71" [_thread_blocked, id=18484, stack(0x000000c682600000,0x000000c682700000)]
  0x000001ccbe5c8d90 JavaThread "Unconstrained build operations Thread 72" [_thread_blocked, id=28252, stack(0x000000c682700000,0x000000c682800000)]
  0x000001ccbe5c9c00 JavaThread "Unconstrained build operations Thread 73" [_thread_blocked, id=13736, stack(0x000000c682800000,0x000000c682900000)]
  0x000001ccbe5c4560 JavaThread "Unconstrained build operations Thread 74" [_thread_blocked, id=31896, stack(0x000000c682900000,0x000000c682a00000)]
  0x000001ccbe5c3bc0 JavaThread "Unconstrained build operations Thread 75" [_thread_blocked, id=32812, stack(0x000000c682a00000,0x000000c682b00000)]
  0x000001ccbe5c3220 JavaThread "Unconstrained build operations Thread 76" [_thread_blocked, id=32560, stack(0x000000c682b00000,0x000000c682c00000)]
  0x000001ccbe5c4a30 JavaThread "Unconstrained build operations Thread 77" [_thread_blocked, id=24648, stack(0x000000c682c00000,0x000000c682d00000)]
  0x000001ccbe5c4f00 JavaThread "Unconstrained build operations Thread 78" [_thread_blocked, id=21680, stack(0x000000c682d00000,0x000000c682e00000)]
  0x000001ccbc470270 JavaThread "Unconstrained build operations Thread 79" [_thread_blocked, id=24476, stack(0x000000c682e00000,0x000000c682f00000)]
  0x000001ccbc46d720 JavaThread "Unconstrained build operations Thread 80" [_thread_blocked, id=30112, stack(0x000000c682f00000,0x000000c683000000)]
  0x000001ccbeccef40 JavaThread "build event listener" [_thread_blocked, id=31364, stack(0x000000c683000000,0x000000c683100000)]

Other Threads:
  0x000001ccb5940330 VMThread "VM Thread" [stack: 0x000000c6fa200000,0x000000c6fa300000] [id=23328]
  0x000001ccb9cdb1e0 WatcherThread "VM Periodic Task Thread" [stack: 0x000000c6fae00000,0x000000c6faf00000] [id=23612]
  0x000001cc97776350 WorkerThread "GC Thread#0" [stack: 0x000000c6f9d00000,0x000000c6f9e00000] [id=33524]
  0x000001ccb9e41ad0 WorkerThread "GC Thread#1" [stack: 0x000000c6fb000000,0x000000c6fb100000] [id=29488]
  0x000001ccba7fea00 WorkerThread "GC Thread#2" [stack: 0x000000c6fb100000,0x000000c6fb200000] [id=17680]
  0x000001ccba963d20 WorkerThread "GC Thread#3" [stack: 0x000000c6fb200000,0x000000c6fb300000] [id=20248]
  0x000001ccbb16fa20 WorkerThread "GC Thread#4" [stack: 0x000000c6fb300000,0x000000c6fb400000] [id=12368]
  0x000001ccbe16fd80 WorkerThread "GC Thread#5" [stack: 0x000000c6fc300000,0x000000c6fc400000] [id=29476]
  0x000001ccbd41af90 WorkerThread "GC Thread#6" [stack: 0x000000c6fc400000,0x000000c6fc500000] [id=16744]
  0x000001ccbd0a3db0 WorkerThread "GC Thread#7" [stack: 0x000000c6fc500000,0x000000c6fc600000] [id=2560]
  0x000001cc977881a0 ConcurrentGCThread "G1 Main Marker" [stack: 0x000000c6f9e00000,0x000000c6f9f00000] [id=19216]
  0x000001cc97789ab0 WorkerThread "G1 Conc#0" [stack: 0x000000c6f9f00000,0x000000c6fa000000] [id=27140]
  0x000001ccbdbe5ac0 WorkerThread "G1 Conc#1" [stack: 0x000000c6fca00000,0x000000c6fcb00000] [id=21784]
  0x000001cc977dc950 ConcurrentGCThread "G1 Refine#0" [stack: 0x000000c6fa000000,0x000000c6fa100000] [id=32776]
  0x000001cc977de580 ConcurrentGCThread "G1 Service" [stack: 0x000000c6fa100000,0x000000c6fa200000] [id=14380]

Threads with active compile tasks:
C2 CompilerThread0   148533 12053       4       java.util.zip.ZipFile$Source::initCEN (591 bytes)

VM state: not at safepoint (normal execution)

VM Mutex/Monitor currently owned by a thread: None

Heap address: 0x0000000080000000, size: 2048 MB, Compressed Oops mode: 32-bit

CDS archive(s) mapped at: [0x0000000800000000-0x0000000800ba0000-0x0000000800ba0000), size 12189696, SharedBaseAddress: 0x0000000800000000, ArchiveRelocationMode: 0.
Compressed class space mapped at: 0x0000000800c00000-0x000000081a800000, reserved size: 432013312
Narrow klass base: 0x0000000800000000, Narrow klass shift: 0, Narrow klass range: 0x100000000

GC Precious Log:
 CardTable entry size: 512
 Card Set container configuration: InlinePtr #cards 5 size 8 Array Of Cards #cards 12 size 40 Howl #buckets 4 coarsen threshold 1843 Howl Bitmap #cards 512 size 80 coarsen threshold 460 Card regions per heap region 1 cards per card region 2048
 CPUs: 8 total, 8 available
 Memory: 7967M
 Large Page Support: Disabled
 NUMA Support: Disabled
 Compressed Oops: Enabled (32-bit)
 Heap Region Size: 1M
 Heap Min Capacity: 8M
 Heap Initial Capacity: 126M
 Heap Max Capacity: 2G
 Pre-touch: Disabled
 Parallel Workers: 8
 Concurrent Workers: 2
 Concurrent Refinement Workers: 8
 Periodic GC: Disabled

Heap:
 garbage-first heap   total 206848K, used 127485K [0x0000000080000000, 0x0000000100000000)
  region size 1024K, 7 young (7168K), 3 survivors (3072K)
 Metaspace       used 90070K, committed 92352K, reserved 552960K
  class space    used 12419K, committed 13568K, reserved 421888K

Heap Regions: E=young(eden), S=young(survivor), O=old, HS=humongous(starts), HC=humongous(continues), CS=collection set, F=free, OA=open archive, CA=closed archive, TAMS=top-at-mark-start (previous, next)
|   0|0x0000000080000000, 0x0000000080100000, 0x0000000080100000|100%| O|  |TAMS 0x0000000080100000, 0x0000000080000000| Untracked 
|   1|0x0000000080100000, 0x0000000080200000, 0x0000000080200000|100%| O|  |TAMS 0x0000000080200000, 0x0000000080100000| Untracked 
|   2|0x0000000080200000, 0x0000000080300000, 0x0000000080300000|100%| O|  |TAMS 0x0000000080300000, 0x0000000080200000| Untracked 
|   3|0x0000000080300000, 0x0000000080400000, 0x0000000080400000|100%|HS|  |TAMS 0x0000000080400000, 0x0000000080300000| Complete 
|   4|0x0000000080400000, 0x0000000080500000, 0x0000000080500000|100%|HC|  |TAMS 0x0000000080500000, 0x0000000080400000| Complete 
|   5|0x0000000080500000, 0x0000000080600000, 0x0000000080600000|100%|HC|  |TAMS 0x0000000080600000, 0x0000000080500000| Complete 
|   6|0x0000000080600000, 0x0000000080700000, 0x0000000080700000|100%| O|  |TAMS 0x0000000080700000, 0x0000000080600000| Untracked 
|   7|0x0000000080700000, 0x0000000080800000, 0x0000000080800000|100%| O|  |TAMS 0x0000000080800000, 0x0000000080700000| Untracked 
|   8|0x0000000080800000, 0x0000000080900000, 0x0000000080900000|100%| O|  |TAMS 0x0000000080900000, 0x0000000080800000| Untracked 
|   9|0x0000000080900000, 0x0000000080a00000, 0x0000000080a00000|100%| O|  |TAMS 0x0000000080a00000, 0x0000000080900000| Untracked 
|  10|0x0000000080a00000, 0x0000000080b00000, 0x0000000080b00000|100%| O|  |TAMS 0x0000000080b00000, 0x0000000080a00000| Untracked 
|  11|0x0000000080b00000, 0x0000000080c00000, 0x0000000080c00000|100%| O|  |TAMS 0x0000000080c00000, 0x0000000080b00000| Untracked 
|  12|0x0000000080c00000, 0x0000000080d00000, 0x0000000080d00000|100%| O|  |TAMS 0x0000000080d00000, 0x0000000080c00000| Untracked 
|  13|0x0000000080d00000, 0x0000000080e00000, 0x0000000080e00000|100%| O|  |TAMS 0x0000000080e00000, 0x0000000080d00000| Untracked 
|  14|0x0000000080e00000, 0x0000000080f00000, 0x0000000080f00000|100%| O|  |TAMS 0x0000000080f00000, 0x0000000080e00000| Untracked 
|  15|0x0000000080f00000, 0x0000000081000000, 0x0000000081000000|100%| O|  |TAMS 0x0000000081000000, 0x0000000080f00000| Untracked 
|  16|0x0000000081000000, 0x0000000081100000, 0x0000000081100000|100%| O|  |TAMS 0x0000000081100000, 0x0000000081000000| Untracked 
|  17|0x0000000081100000, 0x0000000081200000, 0x0000000081200000|100%| O|  |TAMS 0x0000000081200000, 0x0000000081100000| Untracked 
|  18|0x0000000081200000, 0x0000000081300000, 0x0000000081300000|100%| O|  |TAMS 0x0000000081300000, 0x0000000081200000| Untracked 
|  19|0x0000000081300000, 0x00000000813d6800, 0x0000000081400000| 83%| O|  |TAMS 0x00000000813d6800, 0x0000000081300000| Untracked 
|  20|0x0000000081400000, 0x0000000081500000, 0x0000000081500000|100%| O|  |TAMS 0x0000000081500000, 0x0000000081400000| Untracked 
|  21|0x0000000081500000, 0x0000000081600000, 0x0000000081600000|100%| O|  |TAMS 0x0000000081600000, 0x0000000081500000| Untracked 
|  22|0x0000000081600000, 0x0000000081700000, 0x0000000081700000|100%|HS|  |TAMS 0x0000000081700000, 0x0000000081600000| Complete 
|  23|0x0000000081700000, 0x0000000081800000, 0x0000000081800000|100%| O|  |TAMS 0x0000000081800000, 0x0000000081700000| Untracked 
|  24|0x0000000081800000, 0x0000000081900000, 0x0000000081900000|100%| O|  |TAMS 0x0000000081900000, 0x0000000081800000| Untracked 
|  25|0x0000000081900000, 0x0000000081a00000, 0x0000000081a00000|100%|HS|  |TAMS 0x0000000081a00000, 0x0000000081900000| Complete 
|  26|0x0000000081a00000, 0x0000000081b00000, 0x0000000081b00000|100%| O|  |TAMS 0x0000000081b00000, 0x0000000081a00000| Untracked 
|  27|0x0000000081b00000, 0x0000000081c00000, 0x0000000081c00000|100%| O|  |TAMS 0x0000000081c00000, 0x0000000081b00000| Untracked 
|  28|0x0000000081c00000, 0x0000000081d00000, 0x0000000081d00000|100%| O|  |TAMS 0x0000000081d00000, 0x0000000081c00000| Untracked 
|  29|0x0000000081d00000, 0x0000000081e00000, 0x0000000081e00000|100%| O|  |TAMS 0x0000000081e00000, 0x0000000081d00000| Untracked 
|  30|0x0000000081e00000, 0x0000000081f00000, 0x0000000081f00000|100%| O|  |TAMS 0x0000000081f00000, 0x0000000081e00000| Untracked 
|  31|0x0000000081f00000, 0x0000000082000000, 0x0000000082000000|100%| O|  |TAMS 0x0000000082000000, 0x0000000081f00000| Untracked 
|  32|0x0000000082000000, 0x0000000082100000, 0x0000000082100000|100%| O|  |TAMS 0x0000000082100000, 0x0000000082000000| Untracked 
|  33|0x0000000082100000, 0x0000000082200000, 0x0000000082200000|100%| O|  |TAMS 0x0000000082200000, 0x0000000082100000| Untracked 
|  34|0x0000000082200000, 0x0000000082300000, 0x0000000082300000|100%|HS|  |TAMS 0x0000000082300000, 0x0000000082200000| Complete 
|  35|0x0000000082300000, 0x0000000082400000, 0x0000000082400000|100%|HS|  |TAMS 0x0000000082400000, 0x0000000082300000| Complete 
|  36|0x0000000082400000, 0x0000000082500000, 0x0000000082500000|100%|HC|  |TAMS 0x0000000082500000, 0x0000000082400000| Complete 
|  37|0x0000000082500000, 0x0000000082600000, 0x0000000082600000|100%|HC|  |TAMS 0x0000000082600000, 0x0000000082500000| Complete 
|  38|0x0000000082600000, 0x0000000082700000, 0x0000000082700000|100%| O|  |TAMS 0x0000000082700000, 0x0000000082600000| Untracked 
|  39|0x0000000082700000, 0x0000000082800000, 0x0000000082800000|100%| O|  |TAMS 0x0000000082800000, 0x0000000082700000| Untracked 
|  40|0x0000000082800000, 0x0000000082900000, 0x0000000082900000|100%| O|  |TAMS 0x0000000082900000, 0x0000000082800000| Untracked 
|  41|0x0000000082900000, 0x0000000082a00000, 0x0000000082a00000|100%| O|  |TAMS 0x0000000082a00000, 0x0000000082900000| Untracked 
|  42|0x0000000082a00000, 0x0000000082b00000, 0x0000000082b00000|100%| O|  |TAMS 0x0000000082b00000, 0x0000000082a00000| Untracked 
|  43|0x0000000082b00000, 0x0000000082c00000, 0x0000000082c00000|100%| O|  |TAMS 0x0000000082c00000, 0x0000000082b00000| Untracked 
|  44|0x0000000082c00000, 0x0000000082d00000, 0x0000000082d00000|100%| O|  |TAMS 0x0000000082d00000, 0x0000000082c00000| Untracked 
|  45|0x0000000082d00000, 0x0000000082e00000, 0x0000000082e00000|100%| O|  |TAMS 0x0000000082e00000, 0x0000000082d00000| Untracked 
|  46|0x0000000082e00000, 0x0000000082f00000, 0x0000000082f00000|100%| O|  |TAMS 0x0000000082f00000, 0x0000000082e00000| Untracked 
|  47|0x0000000082f00000, 0x0000000083000000, 0x0000000083000000|100%| O|  |TAMS 0x0000000083000000, 0x0000000082f00000| Untracked 
|  48|0x0000000083000000, 0x0000000083100000, 0x0000000083100000|100%| O|  |TAMS 0x0000000083100000, 0x0000000083000000| Untracked 
|  49|0x0000000083100000, 0x0000000083200000, 0x0000000083200000|100%| O|  |TAMS 0x0000000083200000, 0x0000000083100000| Untracked 
|  50|0x0000000083200000, 0x0000000083300000, 0x0000000083300000|100%| O|  |TAMS 0x0000000083300000, 0x0000000083200000| Untracked 
|  51|0x0000000083300000, 0x0000000083400000, 0x0000000083400000|100%| O|  |TAMS 0x0000000083400000, 0x0000000083300000| Untracked 
|  52|0x0000000083400000, 0x0000000083500000, 0x0000000083500000|100%| O|  |TAMS 0x0000000083500000, 0x0000000083400000| Untracked 
|  53|0x0000000083500000, 0x0000000083600000, 0x0000000083600000|100%| O|  |TAMS 0x0000000083600000, 0x0000000083500000| Untracked 
|  54|0x0000000083600000, 0x0000000083700000, 0x0000000083700000|100%| O|  |TAMS 0x0000000083700000, 0x0000000083600000| Untracked 
|  55|0x0000000083700000, 0x0000000083800000, 0x0000000083800000|100%|HS|  |TAMS 0x0000000083800000, 0x0000000083700000| Complete 
|  56|0x0000000083800000, 0x0000000083900000, 0x0000000083900000|100%|HS|  |TAMS 0x0000000083900000, 0x0000000083800000| Complete 
|  57|0x0000000083900000, 0x0000000083a00000, 0x0000000083a00000|100%|HS|  |TAMS 0x0000000083a00000, 0x0000000083900000| Complete 
|  58|0x0000000083a00000, 0x0000000083b00000, 0x0000000083b00000|100%|HC|  |TAMS 0x0000000083b00000, 0x0000000083a00000| Complete 
|  59|0x0000000083b00000, 0x0000000083c00000, 0x0000000083c00000|100%| O|  |TAMS 0x0000000083c00000, 0x0000000083b00000| Untracked 
|  60|0x0000000083c00000, 0x0000000083d00000, 0x0000000083d00000|100%| O|  |TAMS 0x0000000083d00000, 0x0000000083c00000| Untracked 
|  61|0x0000000083d00000, 0x0000000083e00000, 0x0000000083e00000|100%| O|  |TAMS 0x0000000083e00000, 0x0000000083d00000| Untracked 
|  62|0x0000000083e00000, 0x0000000083f00000, 0x0000000083f00000|100%| O|  |TAMS 0x0000000083f00000, 0x0000000083e00000| Untracked 
|  63|0x0000000083f00000, 0x0000000084000000, 0x0000000084000000|100%| O|  |TAMS 0x0000000084000000, 0x0000000083f00000| Untracked 
|  64|0x0000000084000000, 0x0000000084100000, 0x0000000084100000|100%| O|  |TAMS 0x0000000084100000, 0x0000000084000000| Untracked 
|  65|0x0000000084100000, 0x0000000084200000, 0x0000000084200000|100%| O|  |TAMS 0x0000000084200000, 0x0000000084100000| Untracked 
|  66|0x0000000084200000, 0x0000000084300000, 0x0000000084300000|100%| O|  |TAMS 0x0000000084300000, 0x0000000084200000| Untracked 
|  67|0x0000000084300000, 0x0000000084400000, 0x0000000084400000|100%| O|  |TAMS 0x0000000084400000, 0x0000000084300000| Untracked 
|  68|0x0000000084400000, 0x0000000084500000, 0x0000000084500000|100%| O|  |TAMS 0x0000000084500000, 0x0000000084400000| Untracked 
|  69|0x0000000084500000, 0x0000000084600000, 0x0000000084600000|100%| O|  |TAMS 0x0000000084600000, 0x0000000084500000| Untracked 
|  70|0x0000000084600000, 0x0000000084700000, 0x0000000084700000|100%| O|  |TAMS 0x0000000084700000, 0x0000000084600000| Untracked 
|  71|0x0000000084700000, 0x0000000084800000, 0x0000000084800000|100%| O|  |TAMS 0x0000000084800000, 0x0000000084700000| Untracked 
|  72|0x0000000084800000, 0x0000000084900000, 0x0000000084900000|100%| O|  |TAMS 0x0000000084900000, 0x0000000084800000| Untracked 
|  73|0x0000000084900000, 0x0000000084a00000, 0x0000000084a00000|100%| O|  |TAMS 0x0000000084a00000, 0x0000000084900000| Untracked 
|  74|0x0000000084a00000, 0x0000000084b00000, 0x0000000084b00000|100%| O|  |TAMS 0x0000000084b00000, 0x0000000084a00000| Untracked 
|  75|0x0000000084b00000, 0x0000000084c00000, 0x0000000084c00000|100%| O|  |TAMS 0x0000000084c00000, 0x0000000084b00000| Untracked 
|  76|0x0000000084c00000, 0x0000000084d00000, 0x0000000084d00000|100%| O|  |TAMS 0x0000000084d00000, 0x0000000084c00000| Untracked 
|  77|0x0000000084d00000, 0x0000000084e00000, 0x0000000084e00000|100%| O|  |TAMS 0x0000000084e00000, 0x0000000084d00000| Untracked 
|  78|0x0000000084e00000, 0x0000000084f00000, 0x0000000084f00000|100%| O|  |TAMS 0x0000000084f00000, 0x0000000084e00000| Untracked 
|  79|0x0000000084f00000, 0x0000000085000000, 0x0000000085000000|100%| O|  |TAMS 0x0000000085000000, 0x0000000084f00000| Untracked 
|  80|0x0000000085000000, 0x0000000085100000, 0x0000000085100000|100%| O|  |TAMS 0x0000000085100000, 0x0000000085000000| Untracked 
|  81|0x0000000085100000, 0x0000000085200000, 0x0000000085200000|100%|HS|  |TAMS 0x0000000085100000, 0x0000000085100000| Complete 
|  82|0x0000000085200000, 0x0000000085300000, 0x0000000085300000|100%| O|  |TAMS 0x0000000085300000, 0x0000000085200000| Untracked 
|  83|0x0000000085300000, 0x0000000085400000, 0x0000000085400000|100%| O|  |TAMS 0x0000000085400000, 0x0000000085300000| Untracked 
|  84|0x0000000085400000, 0x0000000085500000, 0x0000000085500000|100%| O|  |TAMS 0x0000000085500000, 0x0000000085400000| Untracked 
|  85|0x0000000085500000, 0x0000000085600000, 0x0000000085600000|100%| O|  |TAMS 0x0000000085600000, 0x0000000085500000| Untracked 
|  86|0x0000000085600000, 0x0000000085700000, 0x0000000085700000|100%| O|  |TAMS 0x0000000085700000, 0x0000000085600000| Untracked 
|  87|0x0000000085700000, 0x0000000085800000, 0x0000000085800000|100%| O|  |TAMS 0x0000000085800000, 0x0000000085700000| Untracked 
|  88|0x0000000085800000, 0x0000000085900000, 0x0000000085900000|100%| O|  |TAMS 0x0000000085900000, 0x0000000085800000| Untracked 
|  89|0x0000000085900000, 0x0000000085a00000, 0x0000000085a00000|100%| O|  |TAMS 0x0000000085a00000, 0x0000000085900000| Untracked 
|  90|0x0000000085a00000, 0x0000000085b00000, 0x0000000085b00000|100%|HS|  |TAMS 0x0000000085b00000, 0x0000000085a00000| Complete 
|  91|0x0000000085b00000, 0x0000000085c00000, 0x0000000085c00000|100%|HC|  |TAMS 0x0000000085c00000, 0x0000000085b00000| Complete 
|  92|0x0000000085c00000, 0x0000000085d00000, 0x0000000085d00000|100%|HC|  |TAMS 0x0000000085d00000, 0x0000000085c00000| Complete 
|  93|0x0000000085d00000, 0x0000000085e00000, 0x0000000085e00000|100%| O|  |TAMS 0x0000000085e00000, 0x0000000085d00000| Untracked 
|  94|0x0000000085e00000, 0x0000000085f00000, 0x0000000085f00000|100%| O|  |TAMS 0x0000000085f00000, 0x0000000085e00000| Untracked 
|  95|0x0000000085f00000, 0x0000000086000000, 0x0000000086000000|100%| O|  |TAMS 0x0000000086000000, 0x0000000085f00000| Untracked 
|  96|0x0000000086000000, 0x0000000086100000, 0x0000000086100000|100%| O|  |TAMS 0x0000000086100000, 0x0000000086000000| Untracked 
|  97|0x0000000086100000, 0x0000000086200000, 0x0000000086200000|100%| O|  |TAMS 0x0000000086200000, 0x0000000086100000| Untracked 
|  98|0x0000000086200000, 0x0000000086300000, 0x0000000086300000|100%| O|  |TAMS 0x0000000086300000, 0x0000000086200000| Untracked 
|  99|0x0000000086300000, 0x0000000086400000, 0x0000000086400000|100%| O|  |TAMS 0x0000000086400000, 0x0000000086300000| Untracked 
| 100|0x0000000086400000, 0x0000000086500000, 0x0000000086500000|100%| O|  |TAMS 0x0000000086500000, 0x0000000086400000| Untracked 
| 101|0x0000000086500000, 0x0000000086600000, 0x0000000086600000|100%| O|  |TAMS 0x0000000086600000, 0x0000000086500000| Untracked 
| 102|0x0000000086600000, 0x0000000086700000, 0x0000000086700000|100%| O|  |TAMS 0x0000000086700000, 0x0000000086600000| Untracked 
| 103|0x0000000086700000, 0x0000000086800000, 0x0000000086800000|100%| O|  |TAMS 0x0000000086800000, 0x0000000086700000| Complete 
| 104|0x0000000086800000, 0x0000000086900000, 0x0000000086900000|100%|HS|  |TAMS 0x0000000086900000, 0x0000000086800000| Complete 
| 105|0x0000000086900000, 0x0000000086a00000, 0x0000000086a00000|100%|HS|  |TAMS 0x0000000086a00000, 0x0000000086900000| Complete 
| 106|0x0000000086a00000, 0x0000000086b00000, 0x0000000086b00000|100%| O|  |TAMS 0x0000000086b00000, 0x0000000086a00000| Untracked 
| 107|0x0000000086b00000, 0x0000000086c00000, 0x0000000086c00000|100%| O|  |TAMS 0x0000000086c00000, 0x0000000086b00000| Untracked 
| 108|0x0000000086c00000, 0x0000000086d00000, 0x0000000086d00000|100%| O|  |TAMS 0x0000000086d00000, 0x0000000086c00000| Untracked 
| 109|0x0000000086d00000, 0x0000000086e00000, 0x0000000086e00000|100%| O|  |TAMS 0x0000000086e00000, 0x0000000086d00000| Untracked 
| 110|0x0000000086e00000, 0x0000000086f00000, 0x0000000086f00000|100%| O|  |TAMS 0x0000000086f00000, 0x0000000086e00000| Untracked 
| 111|0x0000000086f00000, 0x0000000087000000, 0x0000000087000000|100%| O|  |TAMS 0x0000000087000000, 0x0000000086f00000| Complete 
| 112|0x0000000087000000, 0x0000000087100000, 0x0000000087100000|100%| O|  |TAMS 0x0000000087100000, 0x0000000087000000| Untracked 
| 113|0x0000000087100000, 0x0000000087200000, 0x0000000087200000|100%| O|  |TAMS 0x0000000087200000, 0x0000000087100000| Untracked 
| 114|0x0000000087200000, 0x0000000087300000, 0x0000000087300000|100%| O|  |TAMS 0x0000000087300000, 0x0000000087200000| Untracked 
| 115|0x0000000087300000, 0x0000000087400000, 0x0000000087400000|100%| O|  |TAMS 0x0000000087400000, 0x0000000087300000| Untracked 
| 116|0x0000000087400000, 0x00000000874b3000, 0x0000000087500000| 69%| O|  |TAMS 0x00000000874b3000, 0x0000000087400000| Untracked 
| 117|0x0000000087500000, 0x0000000087600000, 0x0000000087600000|100%|HS|  |TAMS 0x0000000087500000, 0x0000000087500000| Complete 
| 118|0x0000000087600000, 0x0000000087700000, 0x0000000087700000|100%|HC|  |TAMS 0x0000000087600000, 0x0000000087600000| Complete 
| 119|0x0000000087700000, 0x0000000087800000, 0x0000000087800000|100%|HC|  |TAMS 0x0000000087700000, 0x0000000087700000| Complete 
| 120|0x0000000087800000, 0x0000000087800000, 0x0000000087900000|  0%| F|  |TAMS 0x0000000087800000, 0x0000000087800000| Untracked 
| 121|0x0000000087900000, 0x0000000087900000, 0x0000000087a00000|  0%| F|  |TAMS 0x0000000087900000, 0x0000000087900000| Untracked 
| 122|0x0000000087a00000, 0x0000000087a00000, 0x0000000087b00000|  0%| F|  |TAMS 0x0000000087a00000, 0x0000000087a00000| Untracked 
| 123|0x0000000087b00000, 0x0000000087b00000, 0x0000000087c00000|  0%| F|  |TAMS 0x0000000087b00000, 0x0000000087b00000| Untracked 
| 124|0x0000000087c00000, 0x0000000087c00000, 0x0000000087d00000|  0%| F|  |TAMS 0x0000000087c00000, 0x0000000087c00000| Untracked 
| 125|0x0000000087d00000, 0x0000000087d00000, 0x0000000087e00000|  0%| F|  |TAMS 0x0000000087d00000, 0x0000000087d00000| Untracked 
| 126|0x0000000087e00000, 0x0000000087e00000, 0x0000000087f00000|  0%| F|  |TAMS 0x0000000087e00000, 0x0000000087e00000| Untracked 
| 127|0x0000000087f00000, 0x0000000087f00000, 0x0000000088000000|  0%| F|  |TAMS 0x0000000087f00000, 0x0000000087f00000| Untracked 
| 128|0x0000000088000000, 0x0000000088000000, 0x0000000088100000|  0%| F|  |TAMS 0x0000000088000000, 0x0000000088000000| Untracked 
| 129|0x0000000088100000, 0x0000000088100000, 0x0000000088200000|  0%| F|  |TAMS 0x0000000088100000, 0x0000000088100000| Untracked 
| 130|0x0000000088200000, 0x0000000088200000, 0x0000000088300000|  0%| F|  |TAMS 0x0000000088200000, 0x0000000088200000| Untracked 
| 131|0x0000000088300000, 0x0000000088300000, 0x0000000088400000|  0%| F|  |TAMS 0x0000000088300000, 0x0000000088300000| Untracked 
| 132|0x0000000088400000, 0x0000000088400000, 0x0000000088500000|  0%| F|  |TAMS 0x0000000088400000, 0x0000000088400000| Untracked 
| 133|0x0000000088500000, 0x0000000088500000, 0x0000000088600000|  0%| F|  |TAMS 0x0000000088500000, 0x0000000088500000| Untracked 
| 134|0x0000000088600000, 0x0000000088600000, 0x0000000088700000|  0%| F|  |TAMS 0x0000000088600000, 0x0000000088600000| Untracked 
| 135|0x0000000088700000, 0x0000000088700000, 0x0000000088800000|  0%| F|  |TAMS 0x0000000088700000, 0x0000000088700000| Untracked 
| 136|0x0000000088800000, 0x0000000088800000, 0x0000000088900000|  0%| F|  |TAMS 0x0000000088800000, 0x0000000088800000| Untracked 
| 137|0x0000000088900000, 0x0000000088900000, 0x0000000088a00000|  0%| F|  |TAMS 0x0000000088900000, 0x0000000088900000| Untracked 
| 138|0x0000000088a00000, 0x0000000088a00000, 0x0000000088b00000|  0%| F|  |TAMS 0x0000000088a00000, 0x0000000088a00000| Untracked 
| 139|0x0000000088b00000, 0x0000000088b00000, 0x0000000088c00000|  0%| F|  |TAMS 0x0000000088b00000, 0x0000000088b00000| Untracked 
| 140|0x0000000088c00000, 0x0000000088c00000, 0x0000000088d00000|  0%| F|  |TAMS 0x0000000088c00000, 0x0000000088c00000| Untracked 
| 141|0x0000000088d00000, 0x0000000088d00000, 0x0000000088e00000|  0%| F|  |TAMS 0x0000000088d00000, 0x0000000088d00000| Untracked 
| 142|0x0000000088e00000, 0x0000000088e00000, 0x0000000088f00000|  0%| F|  |TAMS 0x0000000088e00000, 0x0000000088e00000| Untracked 
| 143|0x0000000088f00000, 0x0000000088f00000, 0x0000000089000000|  0%| F|  |TAMS 0x0000000088f00000, 0x0000000088f00000| Untracked 
| 144|0x0000000089000000, 0x0000000089000000, 0x0000000089100000|  0%| F|  |TAMS 0x0000000089000000, 0x0000000089000000| Untracked 
| 145|0x0000000089100000, 0x0000000089100000, 0x0000000089200000|  0%| F|  |TAMS 0x0000000089100000, 0x0000000089100000| Untracked 
| 146|0x0000000089200000, 0x0000000089200000, 0x0000000089300000|  0%| F|  |TAMS 0x0000000089200000, 0x0000000089200000| Untracked 
| 147|0x0000000089300000, 0x0000000089300000, 0x0000000089400000|  0%| F|  |TAMS 0x0000000089300000, 0x0000000089300000| Untracked 
| 148|0x0000000089400000, 0x0000000089400000, 0x0000000089500000|  0%| F|  |TAMS 0x0000000089400000, 0x0000000089400000| Untracked 
| 149|0x0000000089500000, 0x0000000089500000, 0x0000000089600000|  0%| F|  |TAMS 0x0000000089500000, 0x0000000089500000| Untracked 
| 150|0x0000000089600000, 0x0000000089600000, 0x0000000089700000|  0%| F|  |TAMS 0x0000000089600000, 0x0000000089600000| Untracked 
| 151|0x0000000089700000, 0x0000000089700000, 0x0000000089800000|  0%| F|  |TAMS 0x0000000089700000, 0x0000000089700000| Untracked 
| 152|0x0000000089800000, 0x0000000089800000, 0x0000000089900000|  0%| F|  |TAMS 0x0000000089800000, 0x0000000089800000| Untracked 
| 153|0x0000000089900000, 0x0000000089900000, 0x0000000089a00000|  0%| F|  |TAMS 0x0000000089900000, 0x0000000089900000| Untracked 
| 154|0x0000000089a00000, 0x0000000089a00000, 0x0000000089b00000|  0%| F|  |TAMS 0x0000000089a00000, 0x0000000089a00000| Untracked 
| 155|0x0000000089b00000, 0x0000000089b00000, 0x0000000089c00000|  0%| F|  |TAMS 0x0000000089b00000, 0x0000000089b00000| Untracked 
| 156|0x0000000089c00000, 0x0000000089c00000, 0x0000000089d00000|  0%| F|  |TAMS 0x0000000089c00000, 0x0000000089c00000| Untracked 
| 157|0x0000000089d00000, 0x0000000089d00000, 0x0000000089e00000|  0%| F|  |TAMS 0x0000000089d00000, 0x0000000089d00000| Untracked 
| 158|0x0000000089e00000, 0x0000000089e00000, 0x0000000089f00000|  0%| F|  |TAMS 0x0000000089e00000, 0x0000000089e00000| Untracked 
| 159|0x0000000089f00000, 0x0000000089f00000, 0x000000008a000000|  0%| F|  |TAMS 0x0000000089f00000, 0x0000000089f00000| Untracked 
| 160|0x000000008a000000, 0x000000008a000000, 0x000000008a100000|  0%| F|  |TAMS 0x000000008a000000, 0x000000008a000000| Untracked 
| 161|0x000000008a100000, 0x000000008a100000, 0x000000008a200000|  0%| F|  |TAMS 0x000000008a100000, 0x000000008a100000| Untracked 
| 162|0x000000008a200000, 0x000000008a200000, 0x000000008a300000|  0%| F|  |TAMS 0x000000008a200000, 0x000000008a200000| Untracked 
| 163|0x000000008a300000, 0x000000008a3f5c10, 0x000000008a400000| 95%| S|CS|TAMS 0x000000008a300000, 0x000000008a300000| Complete 
| 164|0x000000008a400000, 0x000000008a500000, 0x000000008a500000|100%| S|CS|TAMS 0x000000008a400000, 0x000000008a400000| Complete 
| 165|0x000000008a500000, 0x000000008a600000, 0x000000008a600000|100%| S|CS|TAMS 0x000000008a500000, 0x000000008a500000| Complete 
| 166|0x000000008a600000, 0x000000008a600000, 0x000000008a700000|  0%| F|  |TAMS 0x000000008a600000, 0x000000008a600000| Untracked 
| 167|0x000000008a700000, 0x000000008a700000, 0x000000008a800000|  0%| F|  |TAMS 0x000000008a700000, 0x000000008a700000| Untracked 
| 168|0x000000008a800000, 0x000000008a800000, 0x000000008a900000|  0%| F|  |TAMS 0x000000008a800000, 0x000000008a800000| Untracked 
| 169|0x000000008a900000, 0x000000008a900000, 0x000000008aa00000|  0%| F|  |TAMS 0x000000008a900000, 0x000000008a900000| Untracked 
| 170|0x000000008aa00000, 0x000000008aa00000, 0x000000008ab00000|  0%| F|  |TAMS 0x000000008aa00000, 0x000000008aa00000| Untracked 
| 171|0x000000008ab00000, 0x000000008ab00000, 0x000000008ac00000|  0%| F|  |TAMS 0x000000008ab00000, 0x000000008ab00000| Untracked 
| 172|0x000000008ac00000, 0x000000008ac00000, 0x000000008ad00000|  0%| F|  |TAMS 0x000000008ac00000, 0x000000008ac00000| Untracked 
| 173|0x000000008ad00000, 0x000000008ad00000, 0x000000008ae00000|  0%| F|  |TAMS 0x000000008ad00000, 0x000000008ad00000| Untracked 
| 174|0x000000008ae00000, 0x000000008ae00000, 0x000000008af00000|  0%| F|  |TAMS 0x000000008ae00000, 0x000000008ae00000| Untracked 
| 175|0x000000008af00000, 0x000000008af00000, 0x000000008b000000|  0%| F|  |TAMS 0x000000008af00000, 0x000000008af00000| Untracked 
| 176|0x000000008b000000, 0x000000008b000000, 0x000000008b100000|  0%| F|  |TAMS 0x000000008b000000, 0x000000008b000000| Untracked 
| 177|0x000000008b100000, 0x000000008b100000, 0x000000008b200000|  0%| F|  |TAMS 0x000000008b100000, 0x000000008b100000| Untracked 
| 178|0x000000008b200000, 0x000000008b200000, 0x000000008b300000|  0%| F|  |TAMS 0x000000008b200000, 0x000000008b200000| Untracked 
| 179|0x000000008b300000, 0x000000008b300000, 0x000000008b400000|  0%| F|  |TAMS 0x000000008b300000, 0x000000008b300000| Untracked 
| 180|0x000000008b400000, 0x000000008b400000, 0x000000008b500000|  0%| F|  |TAMS 0x000000008b400000, 0x000000008b400000| Untracked 
| 181|0x000000008b500000, 0x000000008b600000, 0x000000008b600000|100%| E|CS|TAMS 0x000000008b500000, 0x000000008b500000| Complete 
| 182|0x000000008b600000, 0x000000008b600000, 0x000000008b700000|  0%| F|  |TAMS 0x000000008b600000, 0x000000008b600000| Untracked 
| 183|0x000000008b700000, 0x000000008b700000, 0x000000008b800000|  0%| F|  |TAMS 0x000000008b700000, 0x000000008b700000| Untracked 
| 184|0x000000008b800000, 0x000000008b800000, 0x000000008b900000|  0%| F|  |TAMS 0x000000008b800000, 0x000000008b800000| Untracked 
| 185|0x000000008b900000, 0x000000008b900000, 0x000000008ba00000|  0%| F|  |TAMS 0x000000008b900000, 0x000000008b900000| Untracked 
| 186|0x000000008ba00000, 0x000000008ba00000, 0x000000008bb00000|  0%| F|  |TAMS 0x000000008ba00000, 0x000000008ba00000| Untracked 
| 187|0x000000008bb00000, 0x000000008bb00000, 0x000000008bc00000|  0%| F|  |TAMS 0x000000008bb00000, 0x000000008bb00000| Untracked 
| 188|0x000000008bc00000, 0x000000008bc00000, 0x000000008bd00000|  0%| F|  |TAMS 0x000000008bc00000, 0x000000008bc00000| Untracked 
| 189|0x000000008bd00000, 0x000000008bd00000, 0x000000008be00000|  0%| F|  |TAMS 0x000000008bd00000, 0x000000008bd00000| Untracked 
| 190|0x000000008be00000, 0x000000008be00000, 0x000000008bf00000|  0%| F|  |TAMS 0x000000008be00000, 0x000000008be00000| Untracked 
| 191|0x000000008bf00000, 0x000000008bf00000, 0x000000008c000000|  0%| F|  |TAMS 0x000000008bf00000, 0x000000008bf00000| Untracked 
| 192|0x000000008c000000, 0x000000008c000000, 0x000000008c100000|  0%| F|  |TAMS 0x000000008c000000, 0x000000008c000000| Untracked 
| 193|0x000000008c100000, 0x000000008c100000, 0x000000008c200000|  0%| F|  |TAMS 0x000000008c100000, 0x000000008c100000| Untracked 
| 194|0x000000008c200000, 0x000000008c200000, 0x000000008c300000|  0%| F|  |TAMS 0x000000008c200000, 0x000000008c200000| Untracked 
| 195|0x000000008c300000, 0x000000008c300000, 0x000000008c400000|  0%| F|  |TAMS 0x000000008c300000, 0x000000008c300000| Untracked 
| 196|0x000000008c400000, 0x000000008c400000, 0x000000008c500000|  0%| F|  |TAMS 0x000000008c400000, 0x000000008c400000| Untracked 
| 197|0x000000008c500000, 0x000000008c500000, 0x000000008c600000|  0%| F|  |TAMS 0x000000008c500000, 0x000000008c500000| Untracked 
| 198|0x000000008c600000, 0x000000008c600000, 0x000000008c700000|  0%| F|  |TAMS 0x000000008c600000, 0x000000008c600000| Untracked 
| 199|0x000000008c700000, 0x000000008c7eb7e8, 0x000000008c800000| 91%| E|  |TAMS 0x000000008c700000, 0x000000008c700000| Complete 
| 200|0x000000008c800000, 0x000000008c900000, 0x000000008c900000|100%| E|CS|TAMS 0x000000008c800000, 0x000000008c800000| Complete 
| 201|0x000000008c900000, 0x000000008ca00000, 0x000000008ca00000|100%| E|  |TAMS 0x000000008c900000, 0x000000008c900000| Complete 

Card table byte_map: [0x000001ccae780000,0x000001ccaeb80000] _byte_map_base: 0x000001ccae380000

Marking Bits (Prev, Next): (CMBitMap*) 0x000001cc977778b0, (CMBitMap*) 0x000001cc97777870
 Prev Bits: [0x000001ccb0f80000, 0x000001ccb2f80000)
 Next Bits: [0x000001ccaef80000, 0x000001ccb0f80000)

Polling page: 0x000001cc95680000

Metaspace:

Usage:
  Non-class:     75.83 MB used.
      Class:     12.13 MB used.
       Both:     87.96 MB used.

Virtual space:
  Non-class space:      128.00 MB reserved,      76.94 MB ( 60%) committed,  2 nodes.
      Class space:      412.00 MB reserved,      13.25 MB (  3%) committed,  1 nodes.
             Both:      540.00 MB reserved,      90.19 MB ( 17%) committed. 

Chunk freelists:
   Non-Class:  3.09 MB
       Class:  2.74 MB
        Both:  5.83 MB

MaxMetaspaceSize: 512.00 MB
CompressedClassSpaceSize: 412.00 MB
Initial GC threshold: 21.00 MB
Current GC threshold: 150.31 MB
CDS: on
MetaspaceReclaimPolicy: balanced
 - commit_granule_bytes: 65536.
 - commit_granule_words: 8192.
 - virtual_space_node_default_size: 8388608.
 - enlarge_chunks_in_place: 1.
 - new_chunks_are_fully_committed: 0.
 - uncommit_free_chunks: 1.
 - use_allocation_guard: 0.


Internal statistics:

num_allocs_failed_limit: 9.
num_arena_births: 3652.
num_arena_deaths: 0.
num_vsnodes_births: 3.
num_vsnodes_deaths: 0.
num_space_committed: 1443.
num_space_uncommitted: 0.
num_chunks_returned_to_freelist: 9.
num_chunks_taken_from_freelist: 7767.
num_chunk_merges: 9.
num_chunk_splits: 5158.
num_chunks_enlarged: 3305.
num_inconsistent_stats: 0.

CodeHeap 'non-profiled nmethods': size=120000Kb used=6411Kb max_used=6411Kb free=113588Kb
 bounds [0x000001cca6b20000, 0x000001cca7170000, 0x000001ccae050000]
CodeHeap 'profiled nmethods': size=120000Kb used=20976Kb max_used=20976Kb free=99023Kb
 bounds [0x000001cc9f5f0000, 0x000001cca0a70000, 0x000001cca6b20000]
CodeHeap 'non-nmethods': size=5760Kb used=2406Kb max_used=2489Kb free=3353Kb
 bounds [0x000001cc9f050000, 0x000001cc9f2e0000, 0x000001cc9f5f0000]
 total_blobs=11391 nmethods=10460 adapters=842
 compilation: enabled
              stopped_count=0, restarted_count=0
 full_count=0

Compilation events (20 events):
Event: 133.941 Thread 0x000001ccb59654e0 nmethod 12043 0x000001cca0a6af90 code [0x000001cca0a6b2a0, 0x000001cca0a6c3e8]
Event: 139.788 Thread 0x000001ccb59654e0 12044   !   3       java.util.concurrent.LinkedBlockingDeque::offerLast (53 bytes)
Event: 139.789 Thread 0x000001ccb59654e0 nmethod 12044 0x000001cca0a6cb10 code [0x000001cca0a6cd80, 0x000001cca0a6d958]
Event: 139.789 Thread 0x000001ccb59654e0 12045       3       java.util.concurrent.LinkedBlockingDeque$Node::<init> (10 bytes)
Event: 139.789 Thread 0x000001ccb59654e0 nmethod 12045 0x000001cca0a6dd90 code [0x000001cca0a6df20, 0x000001cca0a6e0d8]
Event: 139.789 Thread 0x000001ccb59654e0 12046       3       java.util.concurrent.LinkedBlockingDeque::linkLast (69 bytes)
Event: 139.790 Thread 0x000001ccb59654e0 nmethod 12046 0x000001cca0a6e190 code [0x000001cca0a6e3a0, 0x000001cca0a6ea08]
Event: 140.746 Thread 0x000001ccb59654e0 12047       3       java.util.stream.ReferencePipeline::findFirst (12 bytes)
Event: 140.747 Thread 0x000001ccb59654e0 nmethod 12047 0x000001cca0a6ec10 code [0x000001cca0a6edc0, 0x000001cca0a6f088]
Event: 140.747 Thread 0x000001ccb59654e0 12048       3       java.util.stream.FindOps$FindSink$OfRef$$Lambda$38/0x80000004d::get (8 bytes)
Event: 140.747 Thread 0x000001ccb59654e0 nmethod 12048 0x000001cca0a6f190 code [0x000001cca0a6f340, 0x000001cca0a6f5b8]
Event: 141.080 Thread 0x000001ccb5964ab0 12049 %     4       java.util.zip.ZipFile$Source::initCEN @ 240 (591 bytes)
Event: 141.380 Thread 0x000001ccb5964ab0 nmethod 12049% 0x000001cca715af10 code [0x000001cca715b280, 0x000001cca715f270]
Event: 142.103 Thread 0x000001ccb59654e0 12050       3       java.lang.Boolean::parseBoolean (7 bytes)
Event: 142.103 Thread 0x000001ccb59654e0 nmethod 12050 0x000001cca0a6f710 code [0x000001cca0a6f8a0, 0x000001cca0a6f9c8]
Event: 145.198 Thread 0x000001ccb5964ab0 12051   !   4       java.util.concurrent.LinkedBlockingQueue::poll (128 bytes)
Event: 145.221 Thread 0x000001ccb5964ab0 nmethod 12051 0x000001cca7161710 code [0x000001cca7161900, 0x000001cca7162240]
Event: 145.221 Thread 0x000001ccb5964ab0 12052       4       org.gradle.launcher.daemon.server.exec.DaemonConnectionBackedEventConsumer$ForwardEvents::moreMessagesToSend (35 bytes)
Event: 145.222 Thread 0x000001ccb5964ab0 nmethod 12052 0x000001cca7162a10 code [0x000001cca7162b80, 0x000001cca7162c38]
Event: 148.384 Thread 0x000001ccb5964ab0 12053       4       java.util.zip.ZipFile$Source::initCEN (591 bytes)

GC Heap History (20 events):
Event: 86.379 GC heap before
{Heap before GC invocations=40 (full 0):
 garbage-first heap   total 142336K, used 110004K [0x0000000080000000, 0x0000000100000000)
  region size 1024K, 29 young (29696K), 1 survivors (1024K)
 Metaspace       used 79072K, committed 81152K, reserved 552960K
  class space    used 10946K, committed 12032K, reserved 421888K
}
Event: 86.387 GC heap after
{Heap after GC invocations=41 (full 0):
 garbage-first heap   total 142336K, used 86146K [0x0000000080000000, 0x0000000100000000)
  region size 1024K, 4 young (4096K), 4 survivors (4096K)
 Metaspace       used 79072K, committed 81152K, reserved 552960K
  class space    used 10946K, committed 12032K, reserved 421888K
}
Event: 87.794 GC heap before
{Heap before GC invocations=42 (full 0):
 garbage-first heap   total 176128K, used 118914K [0x0000000080000000, 0x0000000100000000)
  region size 1024K, 30 young (30720K), 4 survivors (4096K)
 Metaspace       used 79865K, committed 81984K, reserved 552960K
  class space    used 11093K, committed 12160K, reserved 421888K
}
Event: 87.807 GC heap after
{Heap after GC invocations=43 (full 0):
 garbage-first heap   total 176128K, used 89867K [0x0000000080000000, 0x0000000100000000)
  region size 1024K, 4 young (4096K), 4 survivors (4096K)
 Metaspace       used 79865K, committed 81984K, reserved 552960K
  class space    used 11093K, committed 12160K, reserved 421888K
}
Event: 87.957 GC heap before
{Heap before GC invocations=43 (full 0):
 garbage-first heap   total 176128K, used 93963K [0x0000000080000000, 0x0000000100000000)
  region size 1024K, 8 young (8192K), 4 survivors (4096K)
 Metaspace       used 80159K, committed 82304K, reserved 552960K
  class space    used 11146K, committed 12224K, reserved 421888K
}
Event: 87.965 GC heap after
{Heap after GC invocations=44 (full 0):
 garbage-first heap   total 176128K, used 90458K [0x0000000080000000, 0x0000000100000000)
  region size 1024K, 1 young (1024K), 1 survivors (1024K)
 Metaspace       used 80159K, committed 82304K, reserved 552960K
  class space    used 11146K, committed 12224K, reserved 421888K
}
Event: 93.777 GC heap before
{Heap before GC invocations=44 (full 0):
 garbage-first heap   total 176128K, used 132442K [0x0000000080000000, 0x0000000100000000)
  region size 1024K, 42 young (43008K), 1 survivors (1024K)
 Metaspace       used 84607K, committed 86784K, reserved 552960K
  class space    used 11773K, committed 12864K, reserved 421888K
}
Event: 93.783 GC heap after
{Heap after GC invocations=45 (full 0):
 garbage-first heap   total 176128K, used 93762K [0x0000000080000000, 0x0000000100000000)
  region size 1024K, 4 young (4096K), 4 survivors (4096K)
 Metaspace       used 84607K, committed 86784K, reserved 552960K
  class space    used 11773K, committed 12864K, reserved 421888K
}
Event: 105.347 GC heap before
{Heap before GC invocations=46 (full 0):
 garbage-first heap   total 176128K, used 139842K [0x0000000080000000, 0x0000000100000000)
  region size 1024K, 45 young (46080K), 4 survivors (4096K)
 Metaspace       used 87153K, committed 89344K, reserved 552960K
  class space    used 12103K, committed 13184K, reserved 421888K
}
Event: 105.360 GC heap after
{Heap after GC invocations=47 (full 0):
 garbage-first heap   total 176128K, used 104793K [0x0000000080000000, 0x0000000100000000)
  region size 1024K, 6 young (6144K), 6 survivors (6144K)
 Metaspace       used 87153K, committed 89344K, reserved 552960K
  class space    used 12103K, committed 13184K, reserved 421888K
}
Event: 105.870 GC heap before
{Heap before GC invocations=47 (full 0):
 garbage-first heap   total 176128K, used 106841K [0x0000000080000000, 0x0000000100000000)
  region size 1024K, 8 young (8192K), 6 survivors (6144K)
 Metaspace       used 87300K, committed 89536K, reserved 552960K
  class space    used 12120K, committed 13248K, reserved 421888K
}
Event: 105.878 GC heap after
{Heap after GC invocations=48 (full 0):
 garbage-first heap   total 176128K, used 105890K [0x0000000080000000, 0x0000000100000000)
  region size 1024K, 1 young (1024K), 1 survivors (1024K)
 Metaspace       used 87300K, committed 89536K, reserved 552960K
  class space    used 12120K, committed 13248K, reserved 421888K
}
Event: 109.060 GC heap before
{Heap before GC invocations=48 (full 0):
 garbage-first heap   total 176128K, used 128418K [0x0000000080000000, 0x0000000100000000)
  region size 1024K, 25 young (25600K), 1 survivors (1024K)
 Metaspace       used 87779K, committed 89984K, reserved 552960K
  class space    used 12148K, committed 13248K, reserved 421888K
}
Event: 109.066 GC heap after
{Heap after GC invocations=49 (full 0):
 garbage-first heap   total 176128K, used 108476K [0x0000000080000000, 0x0000000100000000)
  region size 1024K, 4 young (4096K), 4 survivors (4096K)
 Metaspace       used 87779K, committed 89984K, reserved 552960K
  class space    used 12148K, committed 13248K, reserved 421888K
}
Event: 128.498 GC heap before
{Heap before GC invocations=50 (full 0):
 garbage-first heap   total 186368K, used 143292K [0x0000000080000000, 0x0000000100000000)
  region size 1024K, 35 young (35840K), 4 survivors (4096K)
 Metaspace       used 89701K, committed 91968K, reserved 552960K
  class space    used 12387K, committed 13504K, reserved 421888K
}
Event: 128.510 GC heap after
{Heap after GC invocations=51 (full 0):
 garbage-first heap   total 186368K, used 117833K [0x0000000080000000, 0x0000000100000000)
  region size 1024K, 5 young (5120K), 5 survivors (5120K)
 Metaspace       used 89701K, committed 91968K, reserved 552960K
  class space    used 12387K, committed 13504K, reserved 421888K
}
Event: 129.022 GC heap before
{Heap before GC invocations=51 (full 0):
 garbage-first heap   total 186368K, used 121929K [0x0000000080000000, 0x0000000100000000)
  region size 1024K, 9 young (9216K), 5 survivors (5120K)
 Metaspace       used 89933K, committed 92224K, reserved 552960K
  class space    used 12418K, committed 13568K, reserved 421888K
}
Event: 129.030 GC heap after
{Heap after GC invocations=52 (full 0):
 garbage-first heap   total 186368K, used 119047K [0x0000000080000000, 0x0000000100000000)
  region size 1024K, 1 young (1024K), 1 survivors (1024K)
 Metaspace       used 89933K, committed 92224K, reserved 552960K
  class space    used 12418K, committed 13568K, reserved 421888K
}
Event: 135.317 GC heap before
{Heap before GC invocations=52 (full 0):
 garbage-first heap   total 186368K, used 132359K [0x0000000080000000, 0x0000000100000000)
  region size 1024K, 16 young (16384K), 1 survivors (1024K)
 Metaspace       used 90067K, committed 92352K, reserved 552960K
  class space    used 12419K, committed 13568K, reserved 421888K
}
Event: 135.323 GC heap after
{Heap after GC invocations=53 (full 0):
 garbage-first heap   total 186368K, used 121341K [0x0000000080000000, 0x0000000100000000)
  region size 1024K, 3 young (3072K), 3 survivors (3072K)
 Metaspace       used 90067K, committed 92352K, reserved 552960K
  class space    used 12419K, committed 13568K, reserved 421888K
}

Deoptimization events (20 events):
Event: 125.585 Thread 0x000001ccbb3d9070 DEOPT PACKING pc=0x000001cc9ff461d6 sp=0x000000c6fb9fa2b0
Event: 125.586 Thread 0x000001ccbb3d9070 DEOPT UNPACKING pc=0x000001cc9f0a2b43 sp=0x000000c6fb9f9798 mode 0
Event: 125.981 Thread 0x000001ccbe5c7a50 Uncommon trap: trap_request=0xffffff45 fr.pc=0x000001cca6febef8 relative=0x00000000000010f8
Event: 125.981 Thread 0x000001ccbe5c7a50 Uncommon trap: reason=unstable_if action=reinterpret pc=0x000001cca6febef8 method=java.util.concurrent.locks.ReentrantLock$FairSync.tryAcquire(I)Z @ 4 c2
Event: 125.981 Thread 0x000001ccbe5c7a50 DEOPT PACKING pc=0x000001cca6febef8 sp=0x000000c6802fd580
Event: 125.981 Thread 0x000001ccbe5c7a50 DEOPT UNPACKING pc=0x000001cc9f0a23a3 sp=0x000000c6802fd508 mode 2
Event: 126.015 Thread 0x000001ccbd3e1330 Uncommon trap: trap_request=0xffffff45 fr.pc=0x000001cca6ebc654 relative=0x00000000000003b4
Event: 126.015 Thread 0x000001ccbd3e1330 Uncommon trap: reason=unstable_if action=reinterpret pc=0x000001cca6ebc654 method=java.util.concurrent.ConcurrentLinkedQueue.offer(Ljava/lang/Object;)Z @ 96 c2
Event: 126.015 Thread 0x000001ccbd3e1330 DEOPT PACKING pc=0x000001cca6ebc654 sp=0x000000c6fd4feb20
Event: 126.015 Thread 0x000001ccbd3e1330 DEOPT UNPACKING pc=0x000001cc9f0a23a3 sp=0x000000c6fd4feab8 mode 2
Event: 126.990 Thread 0x000001ccbb3d9070 Uncommon trap: trap_request=0xffffff45 fr.pc=0x000001cca6d86714 relative=0x0000000000000c54
Event: 126.990 Thread 0x000001ccbb3d9070 Uncommon trap: reason=unstable_if action=reinterpret pc=0x000001cca6d86714 method=com.google.common.collect.MapMakerInternalMap$Segment.postReadCleanup()V @ 10 c2
Event: 126.990 Thread 0x000001ccbb3d9070 DEOPT PACKING pc=0x000001cca6d86714 sp=0x000000c6fb9f4c20
Event: 126.990 Thread 0x000001ccbb3d9070 DEOPT UNPACKING pc=0x000001cc9f0a23a3 sp=0x000000c6fb9f4a90 mode 2
Event: 129.626 Thread 0x000001ccbb3d9070 Uncommon trap: trap_request=0xffffff45 fr.pc=0x000001cca6de8008 relative=0x0000000000000868
Event: 129.626 Thread 0x000001ccbb3d9070 Uncommon trap: reason=unstable_if action=reinterpret pc=0x000001cca6de8008 method=org.gradle.internal.snapshot.VfsRelativePath.hasPrefix(Ljava/lang/String;Lorg/gradle/internal/snapshot/CaseSensitivity;)Z @ 105 c2
Event: 129.626 Thread 0x000001ccbb3d9070 DEOPT PACKING pc=0x000001cca6de8008 sp=0x000000c6fb9f9c80
Event: 129.626 Thread 0x000001ccbb3d9070 DEOPT UNPACKING pc=0x000001cc9f0a23a3 sp=0x000000c6fb9f9c10 mode 2
Event: 148.384 Thread 0x000001ccbb3d9070 DEOPT PACKING pc=0x000001cca093ad81 sp=0x000000c6fb9f9170
Event: 148.384 Thread 0x000001ccbb3d9070 DEOPT UNPACKING pc=0x000001cc9f0a2b43 sp=0x000000c6fb9f86e0 mode 0

Classes loaded (20 events):
Event: 125.516 Loading class java/io/FilterOutputStreamBeanInfo
Event: 125.516 Loading class java/io/FilterOutputStreamBeanInfo done
Event: 125.517 Loading class java/io/FilterOutputStreamBeanInfo
Event: 125.517 Loading class java/io/FilterOutputStreamBeanInfo done
Event: 125.517 Loading class java/io/OutputStreamBeanInfo
Event: 125.517 Loading class java/io/OutputStreamBeanInfo done
Event: 125.519 Loading class java/io/OutputStreamBeanInfo
Event: 125.519 Loading class java/io/OutputStreamBeanInfo done
Event: 125.520 Loading class java/io/OutputStreamCustomizer
Event: 125.520 Loading class java/io/OutputStreamCustomizer done
Event: 125.521 Loading class java/io/OutputStreamCustomizer
Event: 125.521 Loading class java/io/OutputStreamCustomizer done
Event: 125.522 Loading class java/io/FilterOutputStreamCustomizer
Event: 125.522 Loading class java/io/FilterOutputStreamCustomizer done
Event: 125.522 Loading class java/io/FilterOutputStreamCustomizer
Event: 125.522 Loading class java/io/FilterOutputStreamCustomizer done
Event: 125.523 Loading class java/io/PrintStreamCustomizer
Event: 125.523 Loading class java/io/PrintStreamCustomizer done
Event: 125.523 Loading class java/io/PrintStreamCustomizer
Event: 125.523 Loading class java/io/PrintStreamCustomizer done

Classes unloaded (0 events):
No events

Classes redefined (0 events):
No events

Internal exceptions (20 events):
Event: 127.769 Thread 0x000001ccbb3d9070 Exception <a 'java/lang/ClassNotFoundException'{0x0000000089eeb510}: org/jetbrains/kotlin/gradle/targets/js/npm/NpmDependencyExtensionDelegateBeanInfo> (0x0000000089eeb510) 
thrown [s\open\src\hotspot\share\classfile\systemDictionary.cpp, line 255]
Event: 127.770 Thread 0x000001ccbb3d9070 Exception <a 'java/lang/ClassNotFoundException'{0x0000000089ef45b0}: org/jetbrains/kotlin/gradle/targets/js/npm/NpmDependencyExtensionDelegateCustomizer> (0x0000000089ef45b0) 
thrown [s\open\src\hotspot\share\classfile\systemDictionary.cpp, line 255]
Event: 127.772 Thread 0x000001ccbb3d9070 Exception <a 'java/lang/ClassNotFoundException'{0x0000000089d14698}: org/jetbrains/kotlin/gradle/targets/js/npm/NpmDependencyExtensionKt$defaultNpmDependencyDelegate$1Customizer> (0x0000000089d14698) 
thrown [s\open\src\hotspot\share\classfile\systemDictionary.cpp, line 255]
Event: 127.776 Thread 0x000001ccbb3d9070 Exception <a 'java/lang/ClassNotFoundException'{0x0000000089d496e0}: org/jetbrains/kotlin/gradle/targets/js/npm/DefaultDevNpmDependencyExtensionBeanInfo> (0x0000000089d496e0) 
thrown [s\open\src\hotspot\share\classfile\systemDictionary.cpp, line 255]
Event: 127.777 Thread 0x000001ccbb3d9070 Exception <a 'java/lang/ClassNotFoundException'{0x0000000089d52780}: org/jetbrains/kotlin/gradle/targets/js/npm/DefaultDevNpmDependencyExtensionCustomizer> (0x0000000089d52780) 
thrown [s\open\src\hotspot\share\classfile\systemDictionary.cpp, line 255]
Event: 127.794 Thread 0x000001ccbb3d9070 Exception <a 'java/lang/ClassNotFoundException'{0x0000000089d8c358}: org/jetbrains/kotlin/gradle/targets/js/npm/DefaultPeerNpmDependencyExtensionBeanInfo> (0x0000000089d8c358) 
thrown [s\open\src\hotspot\share\classfile\systemDictionary.cpp, line 255]
Event: 127.795 Thread 0x000001ccbb3d9070 Exception <a 'java/lang/ClassNotFoundException'{0x0000000089d95400}: org/jetbrains/kotlin/gradle/targets/js/npm/DefaultPeerNpmDependencyExtensionCustomizer> (0x0000000089d95400) 
thrown [s\open\src\hotspot\share\classfile\systemDictionary.cpp, line 255]
Event: 127.847 Thread 0x000001ccbb3d9070 Exception <a 'java/lang/ClassNotFoundException'{0x0000000089dda020}: org/jetbrains/kotlin/gradle/targets/js/npm/DefaultPeerNpmDependencyExtension$delegate$1BeanInfo> (0x0000000089dda020) 
thrown [s\open\src\hotspot\share\classfile\systemDictionary.cpp, line 255]
Event: 127.859 Thread 0x000001ccbb3d9070 Exception <a 'java/lang/ClassNotFoundException'{0x0000000089de3210}: org/jetbrains/kotlin/gradle/targets/js/npm/DefaultPeerNpmDependencyExtension$delegate$1Customizer> (0x0000000089de3210) 
thrown [s\open\src\hotspot\share\classfile\systemDictionary.cpp, line 255]
Event: 127.878 Thread 0x000001ccbb3d9070 Exception <a 'java/lang/ClassNotFoundException'{0x0000000089c55918}: build_c9mbzo8g050221xqfeq2mffz9$_run_closure1BeanInfo> (0x0000000089c55918) 
thrown [s\open\src\hotspot\share\classfile\systemDictionary.cpp, line 255]
Event: 127.879 Thread 0x000001ccbb3d9070 Exception <a 'java/lang/ClassNotFoundException'{0x0000000089c5f720}: build_c9mbzo8g050221xqfeq2mffz9$_run_closure1Customizer> (0x0000000089c5f720) 
thrown [s\open\src\hotspot\share\classfile\systemDictionary.cpp, line 255]
Event: 127.990 Thread 0x000001ccbb3d9070 Exception <a 'java/lang/ClassNotFoundException'{0x0000000089cb9ca8}: org/jetbrains/kotlin/gradle/plugin/sources/DefaultKotlinSourceSetBeanInfo> (0x0000000089cb9ca8) 
thrown [s\open\src\hotspot\share\classfile\systemDictionary.cpp, line 255]
Event: 127.991 Thread 0x000001ccbb3d9070 Exception <a 'java/lang/ClassNotFoundException'{0x0000000089cc51c0}: org/jetbrains/kotlin/gradle/plugin/sources/DefaultKotlinSourceSetCustomizer> (0x0000000089cc51c0) 
thrown [s\open\src\hotspot\share\classfile\systemDictionary.cpp, line 255]
Event: 128.494 Thread 0x000001ccbb3d9070 Exception <a 'java/lang/NoClassDefFoundError'{0x00000000897d5180}: org/jetbrains/kotlin/gradle/plugin/KotlinBasePluginWrapper> (0x00000000897d5180) 
thrown [s\open\src\hotspot\share\oops\constantPool.cpp, line 836]
Event: 128.834 Thread 0x000001ccbb3d9070 Exception <a 'java/lang/ClassNotFoundException'{0x000000008b385740}: build_ch901ma5gdtgvwdq7twtc2jv1BeanInfo> (0x000000008b385740) 
thrown [s\open\src\hotspot\share\classfile\systemDictionary.cpp, line 255]
Event: 128.834 Thread 0x000001ccbb3d9070 Exception <a 'java/lang/ClassNotFoundException'{0x000000008b38acf8}: build_ch901ma5gdtgvwdq7twtc2jv1Customizer> (0x000000008b38acf8) 
thrown [s\open\src\hotspot\share\classfile\systemDictionary.cpp, line 255]
Event: 128.856 Thread 0x000001ccbb3d9070 Exception <a 'java/lang/ClassNotFoundException'{0x000000008b3e1288}: build_ch901ma5gdtgvwdq7twtc2jv1$_run_closure1BeanInfo> (0x000000008b3e1288) 
thrown [s\open\src\hotspot\share\classfile\systemDictionary.cpp, line 255]
Event: 128.856 Thread 0x000001ccbb3d9070 Exception <a 'java/lang/ClassNotFoundException'{0x000000008b3e7740}: build_ch901ma5gdtgvwdq7twtc2jv1$_run_closure1Customizer> (0x000000008b3e7740) 
thrown [s\open\src\hotspot\share\classfile\systemDictionary.cpp, line 255]
Event: 130.286 Thread 0x000001ccbb3d9070 Exception <a 'java/lang/ClassNotFoundException'{0x000000008a874808}: build_ch901ma5gdtgvwdq7twtc2jv1BeanInfo> (0x000000008a874808) 
thrown [s\open\src\hotspot\share\classfile\systemDictionary.cpp, line 255]
Event: 130.286 Thread 0x000001ccbb3d9070 Exception <a 'java/lang/ClassNotFoundException'{0x000000008a879d60}: build_ch901ma5gdtgvwdq7twtc2jv1Customizer> (0x000000008a879d60) 
thrown [s\open\src\hotspot\share\classfile\systemDictionary.cpp, line 255]

VM Operations (20 events):
Event: 126.539 Executing VM operation: Cleanup
Event: 126.543 Executing VM operation: Cleanup done
Event: 127.555 Executing VM operation: Cleanup
Event: 127.556 Executing VM operation: Cleanup done
Event: 128.498 Executing VM operation: G1CollectForAllocation
Event: 128.512 Executing VM operation: G1CollectForAllocation done
Event: 129.022 Executing VM operation: G1CollectForAllocation
Event: 129.030 Executing VM operation: G1CollectForAllocation done
Event: 130.040 Executing VM operation: Cleanup
Event: 130.041 Executing VM operation: Cleanup done
Event: 131.045 Executing VM operation: Cleanup
Event: 131.045 Executing VM operation: Cleanup done
Event: 135.317 Executing VM operation: G1TryInitiateConcMark
Event: 135.334 Executing VM operation: G1TryInitiateConcMark done
Event: 135.556 Executing VM operation: G1Concurrent
Event: 135.564 Executing VM operation: G1Concurrent done
Event: 135.685 Executing VM operation: G1Concurrent
Event: 135.685 Executing VM operation: G1Concurrent done
Event: 145.753 Executing VM operation: Cleanup
Event: 145.753 Executing VM operation: Cleanup done

Events (20 events):
Event: 107.006 Thread 0x000001ccb596dde0 flushing nmethod 0x000001cc9f9fa710
Event: 107.007 Thread 0x000001ccb596dde0 flushing nmethod 0x000001cc9fa72690
Event: 107.007 Thread 0x000001ccb596dde0 flushing nmethod 0x000001cc9fabb310
Event: 107.007 Thread 0x000001ccb596dde0 flushing nmethod 0x000001cc9faf3010
Event: 107.008 Thread 0x000001ccb596dde0 flushing nmethod 0x000001cc9fb8d690
Event: 107.008 Thread 0x000001ccb596dde0 flushing nmethod 0x000001cc9fba7910
Event: 107.008 Thread 0x000001ccb596dde0 flushing nmethod 0x000001cc9fbaa890
Event: 107.009 Thread 0x000001ccb596dde0 flushing nmethod 0x000001cc9fbb1b90
Event: 107.009 Thread 0x000001ccb596dde0 flushing nmethod 0x000001cc9fbf1010
Event: 107.009 Thread 0x000001ccb596dde0 flushing nmethod 0x000001cc9fc2b390
Event: 107.009 Thread 0x000001ccb596dde0 flushing nmethod 0x000001cc9fc51710
Event: 107.010 Thread 0x000001ccb596dde0 flushing nmethod 0x000001cc9fd20910
Event: 107.010 Thread 0x000001ccb596dde0 flushing nmethod 0x000001cc9fd54510
Event: 107.010 Thread 0x000001ccb596dde0 flushing nmethod 0x000001cc9fd88d10
Event: 107.018 Thread 0x000001ccb596dde0 flushing nmethod 0x000001cca0561f90
Event: 126.715 Thread 0x000001ccbeccef40 Thread added: 0x000001ccbeccef40
Event: 127.225 Thread 0x000001ccbf616e30 Thread added: 0x000001ccbf616e30
Event: 128.007 Thread 0x000001ccbf616e30 Thread exited: 0x000001ccbf616e30
Event: 129.327 Thread 0x000001ccbe8c45f0 Thread added: 0x000001ccbe8c45f0
Event: 130.108 Thread 0x000001ccbe8c45f0 Thread exited: 0x000001ccbe8c45f0


Dynamic libraries:
0x00007ff67ea10000 - 0x00007ff67ea20000 	D:\Programs\Java\jdk-18.0.1.1\bin\java.exe
0x00007ff8cf030000 - 0x00007ff8cf228000 	C:\Windows\SYSTEM32\ntdll.dll
0x00007ff8cd3d0000 - 0x00007ff8cd48d000 	C:\Windows\System32\KERNEL32.DLL
0x00007ff8cc860000 - 0x00007ff8ccb2e000 	C:\Windows\System32\KERNELBASE.dll
0x00007ff8cce90000 - 0x00007ff8ccf90000 	C:\Windows\System32\ucrtbase.dll
0x00007ff8c1950000 - 0x00007ff8c196a000 	D:\Programs\Java\jdk-18.0.1.1\bin\VCRUNTIME140.dll
0x00007ff8c26a0000 - 0x00007ff8c26b8000 	D:\Programs\Java\jdk-18.0.1.1\bin\jli.dll
0x00007ff8ce300000 - 0x00007ff8ce3ae000 	C:\Windows\System32\ADVAPI32.dll
0x00007ff8ce3b0000 - 0x00007ff8ce44e000 	C:\Windows\System32\msvcrt.dll
0x00007ff8cd130000 - 0x00007ff8cd1cc000 	C:\Windows\System32\sechost.dll
0x00007ff8cd1d0000 - 0x00007ff8cd2f5000 	C:\Windows\System32\RPCRT4.dll
0x00007ff8ce500000 - 0x00007ff8ce6a0000 	C:\Windows\System32\USER32.dll
0x00007ff8cc780000 - 0x00007ff8cc7a2000 	C:\Windows\System32\win32u.dll
0x00007ff8cd0f0000 - 0x00007ff8cd11a000 	C:\Windows\System32\GDI32.dll
0x00007ff8ae5e0000 - 0x00007ff8ae87a000 	C:\Windows\WinSxS\amd64_microsoft.windows.common-controls_6595b64144ccf1df_6.0.19041.1110_none_60b5254171f9507e\COMCTL32.dll
0x00007ff8ccc90000 - 0x00007ff8ccd9b000 	C:\Windows\System32\gdi32full.dll
0x00007ff8ccda0000 - 0x00007ff8cce3d000 	C:\Windows\System32\msvcp_win.dll
0x00007ff8bf730000 - 0x00007ff8bf73a000 	C:\Windows\SYSTEM32\VERSION.dll
0x00007ff8cdd50000 - 0x00007ff8cdd80000 	C:\Windows\System32\IMM32.DLL
0x00007ff8c2fe0000 - 0x00007ff8c2fec000 	D:\Programs\Java\jdk-18.0.1.1\bin\vcruntime140_1.dll
0x00007ff88ef40000 - 0x00007ff88efcd000 	D:\Programs\Java\jdk-18.0.1.1\bin\msvcp140.dll
0x00007ff8814a0000 - 0x00007ff8820b0000 	D:\Programs\Java\jdk-18.0.1.1\bin\server\jvm.dll
0x00007ff8cdf90000 - 0x00007ff8cdf98000 	C:\Windows\System32\PSAPI.DLL
0x00007ff8c4bc0000 - 0x00007ff8c4be7000 	C:\Windows\SYSTEM32\WINMM.dll
0x00007ff8b5b00000 - 0x00007ff8b5b09000 	C:\Windows\SYSTEM32\WSOCK32.dll
0x00007ff8cd980000 - 0x00007ff8cd9eb000 	C:\Windows\System32\WS2_32.dll
0x00007ff8cafe0000 - 0x00007ff8caff2000 	C:\Windows\SYSTEM32\kernel.appcore.dll
0x00007ff8c19a0000 - 0x00007ff8c19aa000 	D:\Programs\Java\jdk-18.0.1.1\bin\jimage.dll
0x00007ff8cac70000 - 0x00007ff8cae54000 	C:\Windows\SYSTEM32\DBGHELP.DLL
0x00007ff8bfb60000 - 0x00007ff8bfb8c000 	C:\Windows\SYSTEM32\dbgcore.DLL
0x00007ff8ccf90000 - 0x00007ff8cd012000 	C:\Windows\System32\bcryptPrimitives.dll
0x00007ff8c18d0000 - 0x00007ff8c18f5000 	D:\Programs\Java\jdk-18.0.1.1\bin\java.dll
0x00007ff88e430000 - 0x00007ff88e506000 	D:\Programs\Java\jdk-18.0.1.1\bin\jsvml.dll
0x00007ff8ce6a0000 - 0x00007ff8cede4000 	C:\Windows\System32\SHELL32.dll
0x00007ff8ca410000 - 0x00007ff8caba4000 	C:\Windows\SYSTEM32\windows.storage.dll
0x00007ff8cdfa0000 - 0x00007ff8ce2f4000 	C:\Windows\System32\combase.dll
0x00007ff8cc140000 - 0x00007ff8cc170000 	C:\Windows\SYSTEM32\Wldp.dll
0x00007ff8ce450000 - 0x00007ff8ce4fd000 	C:\Windows\System32\SHCORE.dll
0x00007ff8cd090000 - 0x00007ff8cd0e5000 	C:\Windows\System32\shlwapi.dll
0x00007ff8cc690000 - 0x00007ff8cc6af000 	C:\Windows\SYSTEM32\profapi.dll
0x00007ff8c1680000 - 0x00007ff8c1693000 	D:\Programs\Java\jdk-18.0.1.1\bin\net.dll
0x00007ff8c4310000 - 0x00007ff8c441a000 	C:\Windows\SYSTEM32\WINHTTP.dll
0x00007ff8cbe90000 - 0x00007ff8cbefa000 	C:\Windows\system32\mswsock.dll
0x00007ff8bf1a0000 - 0x00007ff8bf1b6000 	D:\Programs\Java\jdk-18.0.1.1\bin\nio.dll
0x00007ff8bf180000 - 0x00007ff8bf198000 	D:\Programs\Java\jdk-18.0.1.1\bin\zip.dll
0x00007ff8c1940000 - 0x00007ff8c1950000 	D:\Programs\Java\jdk-18.0.1.1\bin\verify.dll
0x00007ff8bb520000 - 0x00007ff8bb547000 	C:\Users\buiva\.gradle\native\e1d6ef7f7dcc3fd88c89a11ec53ec762bb8ba0a96d01ffa2cd45eb1d1d8dd5c5\windows-amd64\native-platform.dll
0x00007ff88c780000 - 0x00007ff88c8c4000 	C:\Users\buiva\.gradle\native\5664cfc778a61ccfe75a443a1ab52a65af34e5dc3c78e0209fed803814484fcb\windows-amd64\native-platform-file-events.dll
0x00007ff8bf170000 - 0x00007ff8bf179000 	D:\Programs\Java\jdk-18.0.1.1\bin\management.dll
0x00007ff8bf160000 - 0x00007ff8bf16b000 	D:\Programs\Java\jdk-18.0.1.1\bin\management_ext.dll
0x00007ff8cc0a0000 - 0x00007ff8cc0b8000 	C:\Windows\SYSTEM32\CRYPTSP.dll
0x00007ff8cb7c0000 - 0x00007ff8cb7f4000 	C:\Windows\system32\rsaenh.dll
0x00007ff8cc750000 - 0x00007ff8cc777000 	C:\Windows\System32\bcrypt.dll
0x00007ff8cc650000 - 0x00007ff8cc67e000 	C:\Windows\SYSTEM32\USERENV.dll
0x00007ff8cc090000 - 0x00007ff8cc09c000 	C:\Windows\SYSTEM32\CRYPTBASE.dll
0x00007ff8cbb30000 - 0x00007ff8cbb6b000 	C:\Windows\SYSTEM32\IPHLPAPI.DLL
0x00007ff8cd120000 - 0x00007ff8cd128000 	C:\Windows\System32\NSI.dll
0x00007ff8c0df0000 - 0x00007ff8c0e07000 	C:\Windows\SYSTEM32\dhcpcsvc6.DLL
0x00007ff8c0dd0000 - 0x00007ff8c0ded000 	C:\Windows\SYSTEM32\dhcpcsvc.DLL
0x00007ff8cbb70000 - 0x00007ff8cbc3a000 	C:\Windows\SYSTEM32\DNSAPI.dll

dbghelp: loaded successfully - version: 4.0.5 - missing functions: none
symbol engine: initialized successfully - sym options: 0x614 - pdb path: .;D:\Programs\Java\jdk-18.0.1.1\bin;C:\Windows\SYSTEM32;C:\Windows\WinSxS\amd64_microsoft.windows.common-controls_6595b64144ccf1df_6.0.19041.1110_none_60b5254171f9507e;D:\Programs\Java\jdk-18.0.1.1\bin\server;C:\Users\buiva\.gradle\native\e1d6ef7f7dcc3fd88c89a11ec53ec762bb8ba0a96d01ffa2cd45eb1d1d8dd5c5\windows-amd64;C:\Users\buiva\.gradle\native\5664cfc778a61ccfe75a443a1ab52a65af34e5dc3c78e0209fed803814484fcb\windows-amd64

VM Arguments:
jvm_args: -XX:MaxMetaspaceSize=512m --add-opens=java.base/java.util=ALL-UNNAMED --add-opens=java.base/java.lang=ALL-UNNAMED --add-opens=java.base/java.lang.invoke=ALL-UNNAMED --add-opens=java.base/java.util=ALL-UNNAMED --add-opens=java.prefs/java.util.prefs=ALL-UNNAMED --add-opens=java.prefs/java.util.prefs=ALL-UNNAMED --add-opens=java.base/java.nio.charset=ALL-UNNAMED --add-opens=java.base/java.net=ALL-UNNAMED --add-opens=java.base/java.util.concurrent.atomic=ALL-UNNAMED -Xmx2048m -Dfile.encoding=UTF-8 -Duser.country=US -Duser.language=en -Duser.variant 
java_command: org.gradle.launcher.daemon.bootstrap.GradleDaemon 7.3.3
java_class_path (initial): C:\Users\buiva\.gradle\wrapper\dists\gradle-7.3.3-all\4295vidhdd9hd3gbjyw1xqxpo\gradle-7.3.3\lib\gradle-launcher-7.3.3.jar
Launcher Type: SUN_STANDARD

[Global flags]
     intx CICompilerCount                          = 4                                         {product} {ergonomic}
   size_t CompressedClassSpaceSize                 = 432013312                                 {product} {ergonomic}
     uint ConcGCThreads                            = 2                                         {product} {ergonomic}
     uint G1ConcRefinementThreads                  = 8                                         {product} {ergonomic}
   size_t G1HeapRegionSize                         = 1048576                                   {product} {ergonomic}
    uintx GCDrainStackTargetSize                   = 64                                        {product} {ergonomic}
   size_t InitialHeapSize                          = 132120576                                 {product} {ergonomic}
   size_t MarkStackSize                            = 4194304                                   {product} {ergonomic}
   size_t MaxHeapSize                              = 2147483648                                {product} {command line}
   size_t MaxMetaspaceSize                         = 536870912                                 {product} {command line}
   size_t MaxNewSize                               = 1287651328                                {product} {ergonomic}
   size_t MinHeapDeltaBytes                        = 1048576                                   {product} {ergonomic}
   size_t MinHeapSize                              = 8388608                                   {product} {ergonomic}
    uintx NonNMethodCodeHeapSize                   = 5839372                                {pd product} {ergonomic}
    uintx NonProfiledCodeHeapSize                  = 122909434                              {pd product} {ergonomic}
    uintx ProfiledCodeHeapSize                     = 122909434                              {pd product} {ergonomic}
    uintx ReservedCodeCacheSize                    = 251658240                              {pd product} {ergonomic}
     bool SegmentedCodeCache                       = true                                      {product} {ergonomic}
   size_t SoftMaxHeapSize                          = 2147483648                             {manageable} {ergonomic}
     bool UseCompressedClassPointers               = true                           {product lp64_product} {ergonomic}
     bool UseCompressedOops                        = true                           {product lp64_product} {ergonomic}
     bool UseG1GC                                  = true                                      {product} {ergonomic}
     bool UseLargePagesIndividualAllocation        = false                                  {pd product} {ergonomic}

Logging:
Log output configuration:
 #0: stdout all=warning uptime,level,tags foldmultilines=false
 #1: stderr all=off uptime,level,tags foldmultilines=false

Environment Variables:
CLASSPATH=D:\buiva\ReactNative\Chillove\android\\gradle\wrapper\gradle-wrapper.jar
PATH=D:\buiva\ReactNative\Chillove\android\node_modules\.bin;D:\buiva\ReactNative\Chillove\node_modules\.bin;D:\buiva\ReactNative\node_modules\.bin;D:\buiva\node_modules\.bin;D:\node_modules\.bin;D:\Programs\nodejs;D:\buiva\ReactNative\Chillove\node_modules\.bin;D:\buiva\ReactNative\node_modules\.bin;D:\buiva\node_modules\.bin;D:\node_modules\.bin;D:\Programs\nodejs\node_modules\npm\node_modules\@npmcli\run-script\lib\node-gyp-bin;C:\Program Files\Common Files\Oracle\Java\javapath;C:\Python310\Scripts\;C:\Python310\;C:\Windows\system32;C:\Windows;C:\Windows\System32\Wbem;C:\Windows\System32\WindowsPowerShell\v1.0\;C:\Windows\System32\OpenSSH\;C:\Program Files (x86)\Intel\Intel(R) Management Engine Components\DAL;C:\Program Files\Intel\Intel(R) Management Engine Components\DAL;C:\Program Files\Intel\WiFi\bin\;C:\Program Files\Common Files\Intel\WirelessCommon\;D:\Programs\Git\cmd;D:\Programs\nodejs\;C:\ProgramData\chocolatey\bin;D:\Programs\laragon\bin\php\php-7.4.19-Win32-vc15-x64;C:\ProgramData\ComposerSetup\bin;D:\Programs\use\lib;D:\Programs\use\bin;C:\Users\buiva\AppData\Local\Android\Sdk\platform-tools;C:\Users\buiva\AppData\Local\Microsoft\WindowsApps;D:\buiva\Programs\JetBrains\PyCharm Community Edition 2022.1.2\bin;;D:\buiva\Programs\JetBrains\IntelliJ IDEA Community Edition 2022.1.2\bin;;D:\Programs\Microsoft VS Code\bin;C:\Users\buiva\AppData\Local\GitHubDesktop\bin;C:\Users\buiva\AppData\Roaming\npm;C:\Users\buiva\AppData\Roaming\Composer\vendor\bin;D:\buiva\ReactNative\Chillove\node_modules\.bin
USERNAME=buiva
LANG=en_US.UTF-8
OS=Windows_NT
PROCESSOR_IDENTIFIER=Intel64 Family 6 Model 142 Stepping 12, GenuineIntel



---------------  S Y S T E M  ---------------

OS:
 Windows 10 , 64 bit Build 19041 (10.0.19041.1889)
OS uptime: 2 days 18:12 hours

CPU: total 8 (initial active 8) (4 cores per cpu, 2 threads per core) family 6 model 142 stepping 12 microcode 0xb8, cx8, cmov, fxsr, ht, mmx, 3dnowpref, sse, sse2, sse3, ssse3, sse4.1, sse4.2, popcnt, lzcnt, tsc, tscinvbit, avx, avx2, aes, erms, clmul, bmi1, bmi2, adx, fma, vzeroupper, clflush, clflushopt

Memory: 4k page, system-wide physical 7967M (507M free)
TotalPageFile size 20767M (AvailPageFile size 5M)
current process WorkingSet (physical memory assigned to process): 363M, peak: 424M
current process commit charge ("private bytes"): 488M, peak: 494M

vm_info: Java HotSpot(TM) 64-Bit Server VM (18.0.1.1+2-6) for windows-amd64 JRE (18.0.1.1+2-6), built on Apr 25 2022 21:53:15 by "mach5one" with MS VC++ 16.8 / 16.9 (VS2019)

END.
